{"D:\\MyCodes\\myFlower\\src\\app.controller.ts": {"path":"D:\\MyCodes\\myFlower\\src\\app.controller.ts","statementMap":{"0":{"start":{"line":1,"column":0},"end":{"line":1,"column":49}},"1":{"start":{"line":2,"column":0},"end":{"line":2,"column":43}},"2":{"start":{"line":5,"column":7},"end":{"line":12,"column":null}},"3":{"start":{"line":6,"column":31},"end":{"line":6,"column":43}},"4":{"start":{"line":10,"column":4},"end":{"line":10,"column":38}},"5":{"start":{"line":5,"column":13},"end":{"line":5,"column":26}},"6":{"start":{"line":9,"column":2},"end":{"line":11,"column":null}},"7":{"start":{"line":5,"column":13},"end":{"line":12,"column":null}}},"fnMap":{"0":{"name":"(anonymous_2)","decl":{"start":{"line":6,"column":2},"end":{"line":6,"column":31}},"loc":{"start":{"line":6,"column":53},"end":{"line":6,"column":57}}},"1":{"name":"(anonymous_3)","decl":{"start":{"line":9,"column":2},"end":{"line":9,"column":10}},"loc":{"start":{"line":9,"column":10},"end":{"line":11,"column":3}}}},"branchMap":{},"s":{"0":1,"1":1,"2":1,"3":1,"4":1,"5":1,"6":1,"7":1},"f":{"0":1,"1":1},"b":{}}
,"D:\\MyCodes\\myFlower\\src\\app.service.ts": {"path":"D:\\MyCodes\\myFlower\\src\\app.service.ts","statementMap":{"0":{"start":{"line":1,"column":0},"end":{"line":1,"column":44}},"1":{"start":{"line":4,"column":7},"end":{"line":8,"column":null}},"2":{"start":{"line":6,"column":4},"end":{"line":6,"column":26}},"3":{"start":{"line":4,"column":13},"end":{"line":4,"column":23}},"4":{"start":{"line":4,"column":13},"end":{"line":8,"column":null}}},"fnMap":{"0":{"name":"(anonymous_1)","decl":{"start":{"line":5,"column":2},"end":{"line":5,"column":10}},"loc":{"start":{"line":5,"column":10},"end":{"line":7,"column":3}}}},"branchMap":{},"s":{"0":1,"1":1,"2":1,"3":1,"4":1},"f":{"0":1},"b":{}}
,"D:\\MyCodes\\myFlower\\src\\ormconfig.ts": {"path":"D:\\MyCodes\\myFlower\\src\\ormconfig.ts","statementMap":{"0":{"start":{"line":1,"column":0},"end":{"line":1,"column":37}},"1":{"start":{"line":2,"column":0},"end":{"line":2,"column":32}},"2":{"start":{"line":4,"column":0},"end":{"line":4,"column":9}},"3":{"start":{"line":6,"column":0},"end":{"line":17,"column":3}}},"fnMap":{},"branchMap":{"0":{"loc":{"start":{"line":8,"column":8},"end":{"line":8,"column":48}},"type":"binary-expr","locations":[{"start":{"line":8,"column":8},"end":{"line":8,"column":33}},{"start":{"line":8,"column":37},"end":{"line":8,"column":48}}]},"1":{"loc":{"start":{"line":9,"column":17},"end":{"line":9,"column":63}},"type":"binary-expr","locations":[{"start":{"line":9,"column":17},"end":{"line":9,"column":53}},{"start":{"line":9,"column":57},"end":{"line":9,"column":63}}]},"2":{"loc":{"start":{"line":10,"column":12},"end":{"line":10,"column":51}},"type":"binary-expr","locations":[{"start":{"line":10,"column":12},"end":{"line":10,"column":37}},{"start":{"line":10,"column":41},"end":{"line":10,"column":51}}]},"3":{"loc":{"start":{"line":11,"column":12},"end":{"line":11,"column":55}},"type":"binary-expr","locations":[{"start":{"line":11,"column":12},"end":{"line":11,"column":41}},{"start":{"line":11,"column":45},"end":{"line":11,"column":55}}]},"4":{"loc":{"start":{"line":12,"column":12},"end":{"line":12,"column":60}},"type":"binary-expr","locations":[{"start":{"line":12,"column":12},"end":{"line":12,"column":37}},{"start":{"line":12,"column":41},"end":{"line":12,"column":60}}]}},"s":{"0":0,"1":0,"2":0,"3":0},"f":{},"b":{"0":[0,0],"1":[0,0],"2":[0,0],"3":[0,0],"4":[0,0]}}
,"D:\\MyCodes\\myFlower\\src\\common\\decorators\\auth.decorator.ts": {"path":"D:\\MyCodes\\myFlower\\src\\common\\decorators\\auth.decorator.ts","statementMap":{"0":{"start":{"line":5,"column":0},"end":{"line":5,"column":16}},"1":{"start":{"line":1,"column":0},"end":{"line":1,"column":60}},"2":{"start":{"line":2,"column":0},"end":{"line":2,"column":48}},"3":{"start":{"line":3,"column":0},"end":{"line":3,"column":63}},"4":{"start":{"line":6,"column":2},"end":{"line":6,"column":79}}},"fnMap":{"0":{"name":"UserAuth","decl":{"start":{"line":5,"column":16},"end":{"line":5,"column":24}},"loc":{"start":{"line":5,"column":24},"end":{"line":7,"column":1}}}},"branchMap":{},"s":{"0":0,"1":0,"2":0,"3":0,"4":0},"f":{"0":0},"b":{}}
,"D:\\MyCodes\\myFlower\\src\\common\\decorators\\skip-auth.decorator.ts": {"path":"D:\\MyCodes\\myFlower\\src\\common\\decorators\\skip-auth.decorator.ts","statementMap":{"0":{"start":{"line":1,"column":0},"end":{"line":1,"column":45}},"1":{"start":{"line":3,"column":13},"end":{"line":3,"column":37}},"2":{"start":{"line":4,"column":24},"end":{"line":4,"column":58}},"3":{"start":{"line":4,"column":30},"end":{"line":4,"column":58}},"4":{"start":{"line":4,"column":13},"end":{"line":4,"column":24}}},"fnMap":{"0":{"name":"(anonymous_0)","decl":{"start":{"line":4,"column":24},"end":{"line":4,"column":27}},"loc":{"start":{"line":4,"column":30},"end":{"line":4,"column":58}}}},"branchMap":{},"s":{"0":0,"1":0,"2":0,"3":0,"4":0},"f":{"0":0},"b":{}}
,"D:\\MyCodes\\myFlower\\src\\common\\enums\\entity-name.enum.ts": {"path":"D:\\MyCodes\\myFlower\\src\\common\\enums\\entity-name.enum.ts","statementMap":{"0":{"start":{"line":1,"column":0},"end":{"line":1,"column":null}},"1":{"start":{"line":2,"column":2},"end":{"line":2,"column":null}},"2":{"start":{"line":3,"column":2},"end":{"line":3,"column":null}},"3":{"start":{"line":4,"column":2},"end":{"line":4,"column":null}},"4":{"start":{"line":5,"column":2},"end":{"line":5,"column":null}},"5":{"start":{"line":6,"column":2},"end":{"line":6,"column":null}}},"fnMap":{"0":{"name":"(anonymous_0)","decl":{"start":{"line":1,"column":0},"end":{"line":1,"column":12}},"loc":{"start":{"line":1,"column":23},"end":{"line":7,"column":1}}}},"branchMap":{"0":{"loc":{"start":{"line":1,"column":12},"end":{"line":1,"column":null}},"type":"binary-expr","locations":[{"start":{"line":1,"column":12},"end":{"line":1,"column":23}},{"start":{"line":1,"column":23},"end":{"line":1,"column":null}}]}},"s":{"0":5,"1":5,"2":5,"3":5,"4":5,"5":5},"f":{"0":5},"b":{"0":[5,5]}}
,"D:\\MyCodes\\myFlower\\src\\common\\enums\\form-type.enum.ts": {"path":"D:\\MyCodes\\myFlower\\src\\common\\enums\\form-type.enum.ts","statementMap":{"0":{"start":{"line":1,"column":0},"end":{"line":1,"column":null}},"1":{"start":{"line":2,"column":2},"end":{"line":2,"column":null}},"2":{"start":{"line":3,"column":2},"end":{"line":3,"column":null}},"3":{"start":{"line":4,"column":2},"end":{"line":4,"column":null}}},"fnMap":{"0":{"name":"(anonymous_0)","decl":{"start":{"line":1,"column":0},"end":{"line":1,"column":12}},"loc":{"start":{"line":1,"column":20},"end":{"line":5,"column":1}}}},"branchMap":{"0":{"loc":{"start":{"line":1,"column":12},"end":{"line":1,"column":null}},"type":"binary-expr","locations":[{"start":{"line":1,"column":12},"end":{"line":1,"column":20}},{"start":{"line":1,"column":20},"end":{"line":1,"column":null}}]}},"s":{"0":0,"1":0,"2":0,"3":0},"f":{"0":0},"b":{"0":[0,0]}}
,"D:\\MyCodes\\myFlower\\src\\common\\types\\typeDefinitions\\env.d.ts": {"path":"D:\\MyCodes\\myFlower\\src\\common\\types\\typeDefinitions\\env.d.ts","statementMap":{},"fnMap":{},"branchMap":{},"s":{},"f":{},"b":{}}
,"D:\\MyCodes\\myFlower\\src\\config\\db.config.ts": {"path":"D:\\MyCodes\\myFlower\\src\\config\\db.config.ts","statementMap":{"0":{"start":{"line":20,"column":0},"end":{"line":20,"column":56}},"1":{"start":{"line":22,"column":33},"end":{"line":35,"column":2}},"2":{"start":{"line":24,"column":28},"end":{"line":35,"column":2}},"3":{"start":{"line":22,"column":13},"end":{"line":22,"column":33}},"4":{"start":{"line":38,"column":13},"end":{"line":49,"column":2}},"5":{"start":{"line":51,"column":19},"end":{"line":51,"column":52}},"6":{"start":{"line":52,"column":0},"end":{"line":52,"column":26}}},"fnMap":{"0":{"name":"(anonymous_0)","decl":{"start":{"line":22,"column":33},"end":{"line":22,"column":null}},"loc":{"start":{"line":24,"column":28},"end":{"line":35,"column":2}}}},"branchMap":{"0":{"loc":{"start":{"line":40,"column":8},"end":{"line":40,"column":48}},"type":"binary-expr","locations":[{"start":{"line":40,"column":8},"end":{"line":40,"column":33}},{"start":{"line":40,"column":37},"end":{"line":40,"column":48}}]},"1":{"loc":{"start":{"line":41,"column":8},"end":{"line":41,"column":42}},"type":"binary-expr","locations":[{"start":{"line":41,"column":8},"end":{"line":41,"column":34}},{"start":{"line":41,"column":38},"end":{"line":41,"column":42}}]},"2":{"loc":{"start":{"line":42,"column":12},"end":{"line":42,"column":51}},"type":"binary-expr","locations":[{"start":{"line":42,"column":12},"end":{"line":42,"column":37}},{"start":{"line":42,"column":41},"end":{"line":42,"column":51}}]},"3":{"loc":{"start":{"line":43,"column":12},"end":{"line":43,"column":55}},"type":"binary-expr","locations":[{"start":{"line":43,"column":12},"end":{"line":43,"column":41}},{"start":{"line":43,"column":45},"end":{"line":43,"column":55}}]},"4":{"loc":{"start":{"line":44,"column":12},"end":{"line":44,"column":60}},"type":"binary-expr","locations":[{"start":{"line":44,"column":12},"end":{"line":44,"column":37}},{"start":{"line":44,"column":41},"end":{"line":44,"column":60}}]}},"s":{"0":0,"1":0,"2":0,"3":0,"4":0,"5":0,"6":0},"f":{"0":0},"b":{"0":[0,0],"1":[0,0],"2":[0,0],"3":[0,0],"4":[0,0]}}
,"D:\\MyCodes\\myFlower\\src\\config\\swagger.config.ts": {"path":"D:\\MyCodes\\myFlower\\src\\config\\swagger.config.ts","statementMap":{"0":{"start":{"line":5,"column":0},"end":{"line":5,"column":16}},"1":{"start":{"line":2,"column":0},"end":{"line":2,"column":65}},"2":{"start":{"line":6,"column":19},"end":{"line":11,"column":12}},"3":{"start":{"line":12,"column":18},"end":{"line":12,"column":61}},"4":{"start":{"line":13,"column":2},"end":{"line":13,"column":48}},"5":{"start":{"line":16,"column":2},"end":{"line":21,"column":4}}},"fnMap":{"0":{"name":"SwaggerConfigInit","decl":{"start":{"line":5,"column":16},"end":{"line":5,"column":33}},"loc":{"start":{"line":5,"column":55},"end":{"line":14,"column":1}}},"1":{"name":"SwaggerAuthConfig","decl":{"start":{"line":15,"column":9},"end":{"line":15,"column":26}},"loc":{"start":{"line":15,"column":26},"end":{"line":22,"column":1}}}},"branchMap":{},"s":{"0":0,"1":0,"2":0,"3":0,"4":0,"5":0},"f":{"0":0,"1":0},"b":{}}
,"D:\\MyCodes\\myFlower\\src\\database\\migrations\\1731962400000-InitialSchema.ts": {"path":"D:\\MyCodes\\myFlower\\src\\database\\migrations\\1731962400000-InitialSchema.ts","statementMap":{"0":{"start":{"line":4,"column":9},"end":{"line":4,"column":37}},"1":{"start":{"line":8,"column":4},"end":{"line":10,"column":6}},"2":{"start":{"line":13,"column":4},"end":{"line":15,"column":6}},"3":{"start":{"line":18,"column":4},"end":{"line":20,"column":6}},"4":{"start":{"line":23,"column":23},"end":{"line":24,"column":null}},"5":{"start":{"line":26,"column":4},"end":{"line":30,"column":5}},"6":{"start":{"line":27,"column":6},"end":{"line":29,"column":8}},"7":{"start":{"line":33,"column":4},"end":{"line":35,"column":6}},"8":{"start":{"line":38,"column":26},"end":{"line":39,"column":null}},"9":{"start":{"line":41,"column":4},"end":{"line":45,"column":5}},"10":{"start":{"line":42,"column":6},"end":{"line":44,"column":8}},"11":{"start":{"line":47,"column":27},"end":{"line":48,"column":null}},"12":{"start":{"line":50,"column":4},"end":{"line":54,"column":5}},"13":{"start":{"line":51,"column":6},"end":{"line":53,"column":8}},"14":{"start":{"line":56,"column":36},"end":{"line":57,"column":null}},"15":{"start":{"line":59,"column":4},"end":{"line":63,"column":5}},"16":{"start":{"line":60,"column":6},"end":{"line":62,"column":8}},"17":{"start":{"line":65,"column":35},"end":{"line":66,"column":null}},"18":{"start":{"line":68,"column":4},"end":{"line":72,"column":5}},"19":{"start":{"line":69,"column":6},"end":{"line":71,"column":8}},"20":{"start":{"line":75,"column":30},"end":{"line":76,"column":null}},"21":{"start":{"line":78,"column":4},"end":{"line":82,"column":5}},"22":{"start":{"line":79,"column":6},"end":{"line":81,"column":8}},"23":{"start":{"line":84,"column":34},"end":{"line":85,"column":null}},"24":{"start":{"line":87,"column":4},"end":{"line":91,"column":5}},"25":{"start":{"line":88,"column":6},"end":{"line":90,"column":8}},"26":{"start":{"line":93,"column":29},"end":{"line":94,"column":null}},"27":{"start":{"line":96,"column":4},"end":{"line":100,"column":5}},"28":{"start":{"line":97,"column":6},"end":{"line":99,"column":8}},"29":{"start":{"line":104,"column":4},"end":{"line":104,"column":71}},"30":{"start":{"line":105,"column":4},"end":{"line":105,"column":79}},"31":{"start":{"line":106,"column":4},"end":{"line":106,"column":92}},"32":{"start":{"line":108,"column":4},"end":{"line":110,"column":6}},"33":{"start":{"line":111,"column":4},"end":{"line":113,"column":6}},"34":{"start":{"line":114,"column":4},"end":{"line":116,"column":6}},"35":{"start":{"line":117,"column":4},"end":{"line":119,"column":6}},"36":{"start":{"line":121,"column":4},"end":{"line":121,"column":67}},"37":{"start":{"line":122,"column":4},"end":{"line":122,"column":82}},"38":{"start":{"line":123,"column":4},"end":{"line":123,"column":70}},"39":{"start":{"line":124,"column":4},"end":{"line":124,"column":60}},"40":{"start":{"line":125,"column":4},"end":{"line":125,"column":59}},"41":{"start":{"line":3,"column":0},"end":{"line":3,"column":13}}},"fnMap":{"0":{"name":"(anonymous_0)","decl":{"start":{"line":6,"column":9},"end":{"line":6,"column":14}},"loc":{"start":{"line":6,"column":42},"end":{"line":101,"column":3}}},"1":{"name":"(anonymous_1)","decl":{"start":{"line":103,"column":9},"end":{"line":103,"column":14}},"loc":{"start":{"line":103,"column":44},"end":{"line":126,"column":3}}}},"branchMap":{"0":{"loc":{"start":{"line":26,"column":4},"end":{"line":30,"column":5}},"type":"if","locations":[{"start":{"line":26,"column":4},"end":{"line":30,"column":5}}]},"1":{"loc":{"start":{"line":41,"column":4},"end":{"line":45,"column":5}},"type":"if","locations":[{"start":{"line":41,"column":4},"end":{"line":45,"column":5}}]},"2":{"loc":{"start":{"line":50,"column":4},"end":{"line":54,"column":5}},"type":"if","locations":[{"start":{"line":50,"column":4},"end":{"line":54,"column":5}}]},"3":{"loc":{"start":{"line":59,"column":4},"end":{"line":63,"column":5}},"type":"if","locations":[{"start":{"line":59,"column":4},"end":{"line":63,"column":5}}]},"4":{"loc":{"start":{"line":68,"column":4},"end":{"line":72,"column":5}},"type":"if","locations":[{"start":{"line":68,"column":4},"end":{"line":72,"column":5}}]},"5":{"loc":{"start":{"line":78,"column":4},"end":{"line":82,"column":5}},"type":"if","locations":[{"start":{"line":78,"column":4},"end":{"line":82,"column":5}}]},"6":{"loc":{"start":{"line":87,"column":4},"end":{"line":91,"column":5}},"type":"if","locations":[{"start":{"line":87,"column":4},"end":{"line":91,"column":5}}]},"7":{"loc":{"start":{"line":96,"column":4},"end":{"line":100,"column":5}},"type":"if","locations":[{"start":{"line":96,"column":4},"end":{"line":100,"column":5}}]}},"s":{"0":0,"1":0,"2":0,"3":0,"4":0,"5":0,"6":0,"7":0,"8":0,"9":0,"10":0,"11":0,"12":0,"13":0,"14":0,"15":0,"16":0,"17":0,"18":0,"19":0,"20":0,"21":0,"22":0,"23":0,"24":0,"25":0,"26":0,"27":0,"28":0,"29":0,"30":0,"31":0,"32":0,"33":0,"34":0,"35":0,"36":0,"37":0,"38":0,"39":0,"40":0,"41":0},"f":{"0":0,"1":0},"b":{"0":[0],"1":[0],"2":[0],"3":[0],"4":[0],"5":[0],"6":[0],"7":[0]}}
,"D:\\MyCodes\\myFlower\\src\\database\\seeds\\seed.ts": {"path":"D:\\MyCodes\\myFlower\\src\\database\\seeds\\seed.ts","statementMap":{"0":{"start":{"line":1,"column":0},"end":{"line":1,"column":33}},"1":{"start":{"line":2,"column":0},"end":{"line":2,"column":44}},"2":{"start":{"line":3,"column":0},"end":{"line":3,"column":70}},"3":{"start":{"line":4,"column":0},"end":{"line":4,"column":73}},"4":{"start":{"line":5,"column":0},"end":{"line":5,"column":99}},"5":{"start":{"line":6,"column":0},"end":{"line":6,"column":90}},"6":{"start":{"line":7,"column":0},"end":{"line":7,"column":79}},"7":{"start":{"line":10,"column":2},"end":{"line":10,"column":48}},"8":{"start":{"line":12,"column":2},"end":{"line":12,"column":35}},"9":{"start":{"line":15,"column":2},"end":{"line":15,"column":42}},"10":{"start":{"line":16,"column":2},"end":{"line":16,"column":38}},"11":{"start":{"line":17,"column":2},"end":{"line":17,"column":42}},"12":{"start":{"line":26,"column":2},"end":{"line":26,"column":48}},"13":{"start":{"line":27,"column":2},"end":{"line":31,"column":3}},"14":{"start":{"line":28,"column":4},"end":{"line":28,"column":64}},"15":{"start":{"line":30,"column":4},"end":{"line":30,"column":65}},"16":{"start":{"line":32,"column":2},"end":{"line":36,"column":3}},"17":{"start":{"line":33,"column":4},"end":{"line":33,"column":67}},"18":{"start":{"line":35,"column":4},"end":{"line":35,"column":68}},"19":{"start":{"line":37,"column":2},"end":{"line":41,"column":3}},"20":{"start":{"line":38,"column":4},"end":{"line":38,"column":59}},"21":{"start":{"line":40,"column":4},"end":{"line":40,"column":59}},"22":{"start":{"line":42,"column":2},"end":{"line":46,"column":3}},"23":{"start":{"line":43,"column":4},"end":{"line":43,"column":58}},"24":{"start":{"line":45,"column":4},"end":{"line":45,"column":58}},"25":{"start":{"line":48,"column":2},"end":{"line":48,"column":38}},"26":{"start":{"line":49,"column":19},"end":{"line":49,"column":58}},"27":{"start":{"line":51,"column":25},"end":{"line":51,"column":62}},"28":{"start":{"line":53,"column":16},"end":{"line":58,"column":4}},"29":{"start":{"line":60,"column":16},"end":{"line":65,"column":4}},"30":{"start":{"line":67,"column":2},"end":{"line":67,"column":38}},"31":{"start":{"line":70,"column":2},"end":{"line":70,"column":39}},"32":{"start":{"line":71,"column":20},"end":{"line":71,"column":60}},"33":{"start":{"line":73,"column":17},"end":{"line":82,"column":4}},"34":{"start":{"line":84,"column":17},"end":{"line":93,"column":4}},"35":{"start":{"line":95,"column":17},"end":{"line":104,"column":4}},"36":{"start":{"line":106,"column":2},"end":{"line":106,"column":39}},"37":{"start":{"line":109,"column":2},"end":{"line":109,"column":48}},"38":{"start":{"line":110,"column":22},"end":{"line":110,"column":70}},"39":{"start":{"line":112,"column":14},"end":{"line":112,"column":24}},"40":{"start":{"line":113,"column":26},"end":{"line":113,"column":28}},"41":{"start":{"line":116,"column":2},"end":{"line":157,"column":3}},"42":{"start":{"line":118,"column":4},"end":{"line":156,"column":5}},"43":{"start":{"line":118,"column":19},"end":{"line":118,"column":20}},"44":{"start":{"line":119,"column":6},"end":{"line":155,"column":7}},"45":{"start":{"line":119,"column":22},"end":{"line":119,"column":23}},"46":{"start":{"line":120,"column":8},"end":{"line":154,"column":9}},"47":{"start":{"line":120,"column":24},"end":{"line":120,"column":25}},"48":{"start":{"line":121,"column":28},"end":{"line":121,"column":41}},"49":{"start":{"line":122,"column":10},"end":{"line":122,"column":55}},"50":{"start":{"line":123,"column":10},"end":{"line":123,"column":35}},"51":{"start":{"line":124,"column":10},"end":{"line":124,"column":42}},"52":{"start":{"line":125,"column":10},"end":{"line":125,"column":34}},"53":{"start":{"line":128,"column":27},"end":{"line":128,"column":95}},"54":{"start":{"line":129,"column":31},"end":{"line":129,"column":99}},"55":{"start":{"line":130,"column":28},"end":{"line":130,"column":33}},"56":{"start":{"line":133,"column":32},"end":{"line":133,"column":71}},"57":{"start":{"line":134,"column":30},"end":{"line":134,"column":80}},"58":{"start":{"line":137,"column":36},"end":{"line":137,"column":66}},"59":{"start":{"line":138,"column":27},"end":{"line":138,"column":87}},"60":{"start":{"line":142,"column":12},"end":{"line":144,"column":17}},"61":{"start":{"line":145,"column":24},"end":{"line":145,"column":63}},"62":{"start":{"line":147,"column":10},"end":{"line":153,"column":13}},"63":{"start":{"line":159,"column":2},"end":{"line":159,"column":35}},"64":{"start":{"line":160,"column":2},"end":{"line":160,"column":62}},"65":{"start":{"line":163,"column":2},"end":{"line":163,"column":45}},"66":{"start":{"line":164,"column":21},"end":{"line":164,"column":66}},"67":{"start":{"line":166,"column":18},"end":{"line":219,"column":4}},"68":{"start":{"line":221,"column":2},"end":{"line":221,"column":33}},"69":{"start":{"line":222,"column":2},"end":{"line":222,"column":58}},"70":{"start":{"line":224,"column":2},"end":{"line":224,"column":32}},"71":{"start":{"line":226,"column":2},"end":{"line":226,"column":53}},"72":{"start":{"line":227,"column":2},"end":{"line":227,"column":43}},"73":{"start":{"line":228,"column":2},"end":{"line":228,"column":44}},"74":{"start":{"line":229,"column":2},"end":{"line":229,"column":43}},"75":{"start":{"line":230,"column":2},"end":{"line":230,"column":18}},"76":{"start":{"line":231,"column":2},"end":{"line":231,"column":44}},"77":{"start":{"line":232,"column":2},"end":{"line":232,"column":45}},"78":{"start":{"line":235,"column":0},"end":{"line":243,"column":5}},"79":{"start":{"line":237,"column":4},"end":{"line":237,"column":25}},"80":{"start":{"line":238,"column":4},"end":{"line":238,"column":20}},"81":{"start":{"line":241,"column":4},"end":{"line":241,"column":43}},"82":{"start":{"line":242,"column":4},"end":{"line":242,"column":20}}},"fnMap":{"0":{"name":"seed","decl":{"start":{"line":9,"column":15},"end":{"line":9,"column":19}},"loc":{"start":{"line":9,"column":19},"end":{"line":233,"column":1}}},"1":{"name":"(anonymous_11)","decl":{"start":{"line":236,"column":8},"end":{"line":236,"column":11}},"loc":{"start":{"line":236,"column":13},"end":{"line":239,"column":3}}},"2":{"name":"(anonymous_12)","decl":{"start":{"line":240,"column":9},"end":{"line":240,"column":10}},"loc":{"start":{"line":240,"column":19},"end":{"line":243,"column":3}}}},"branchMap":{"0":{"loc":{"start":{"line":128,"column":27},"end":{"line":128,"column":95}},"type":"cond-expr","locations":[{"start":{"line":128,"column":56},"end":{"line":128,"column":58}},{"start":{"line":128,"column":61},"end":{"line":128,"column":95}}]},"1":{"loc":{"start":{"line":128,"column":61},"end":{"line":128,"column":95}},"type":"cond-expr","locations":[{"start":{"line":128,"column":88},"end":{"line":128,"column":90}},{"start":{"line":128,"column":93},"end":{"line":128,"column":95}}]},"2":{"loc":{"start":{"line":129,"column":31},"end":{"line":129,"column":99}},"type":"cond-expr","locations":[{"start":{"line":129,"column":60},"end":{"line":129,"column":62}},{"start":{"line":129,"column":65},"end":{"line":129,"column":99}}]},"3":{"loc":{"start":{"line":129,"column":65},"end":{"line":129,"column":99}},"type":"cond-expr","locations":[{"start":{"line":129,"column":92},"end":{"line":129,"column":94}},{"start":{"line":129,"column":97},"end":{"line":129,"column":99}}]},"4":{"loc":{"start":{"line":137,"column":36},"end":{"line":137,"column":66}},"type":"cond-expr","locations":[{"start":{"line":137,"column":60},"end":{"line":137,"column":62}},{"start":{"line":137,"column":65},"end":{"line":137,"column":66}}]},"5":{"loc":{"start":{"line":137,"column":36},"end":{"line":137,"column":57}},"type":"binary-expr","locations":[{"start":{"line":137,"column":36},"end":{"line":137,"column":44}},{"start":{"line":137,"column":48},"end":{"line":137,"column":57}}]},"6":{"loc":{"start":{"line":142,"column":12},"end":{"line":144,"column":17}},"type":"cond-expr","locations":[{"start":{"line":143,"column":16},"end":{"line":143,"column":65}},{"start":{"line":144,"column":16},"end":{"line":144,"column":17}}]},"7":{"loc":{"start":{"line":142,"column":12},"end":{"line":142,"column":35}},"type":"binary-expr","locations":[{"start":{"line":142,"column":12},"end":{"line":142,"column":21}},{"start":{"line":142,"column":25},"end":{"line":142,"column":35}}]}},"s":{"0":0,"1":0,"2":0,"3":0,"4":0,"5":0,"6":0,"7":0,"8":0,"9":0,"10":0,"11":0,"12":0,"13":0,"14":0,"15":0,"16":0,"17":0,"18":0,"19":0,"20":0,"21":0,"22":0,"23":0,"24":0,"25":0,"26":0,"27":0,"28":0,"29":0,"30":0,"31":0,"32":0,"33":0,"34":0,"35":0,"36":0,"37":0,"38":0,"39":0,"40":0,"41":0,"42":0,"43":0,"44":0,"45":0,"46":0,"47":0,"48":0,"49":0,"50":0,"51":0,"52":0,"53":0,"54":0,"55":0,"56":0,"57":0,"58":0,"59":0,"60":0,"61":0,"62":0,"63":0,"64":0,"65":0,"66":0,"67":0,"68":0,"69":0,"70":0,"71":0,"72":0,"73":0,"74":0,"75":0,"76":0,"77":0,"78":0,"79":0,"80":0,"81":0,"82":0},"f":{"0":0,"1":0,"2":0},"b":{"0":[0,0],"1":[0,0],"2":[0,0],"3":[0,0],"4":[0,0],"5":[0,0],"6":[0,0],"7":[0,0]}}
,"D:\\MyCodes\\myFlower\\src\\health\\health.controller.ts": {"path":"D:\\MyCodes\\myFlower\\src\\health\\health.controller.ts","statementMap":{"0":{"start":{"line":1,"column":0},"end":{"line":1,"column":49}},"1":{"start":{"line":2,"column":0},"end":{"line":2,"column":56}},"2":{"start":{"line":3,"column":0},"end":{"line":3,"column":null}},"3":{"start":{"line":11,"column":7},"end":{"line":25,"column":null}},"4":{"start":{"line":13,"column":12},"end":{"line":13,"column":20}},"5":{"start":{"line":14,"column":12},"end":{"line":14,"column":16}},"6":{"start":{"line":21,"column":4},"end":{"line":23,"column":7}},"7":{"start":{"line":22,"column":12},"end":{"line":22,"column":41}},"8":{"start":{"line":11,"column":13},"end":{"line":11,"column":29}},"9":{"start":{"line":20,"column":2},"end":{"line":24,"column":null}},"10":{"start":{"line":11,"column":13},"end":{"line":25,"column":null}}},"fnMap":{"0":{"name":"(anonymous_2)","decl":{"start":{"line":12,"column":2},"end":{"line":12,"column":null}},"loc":{"start":{"line":14,"column":38},"end":{"line":15,"column":6}}},"1":{"name":"(anonymous_3)","decl":{"start":{"line":20,"column":2},"end":{"line":20,"column":7}},"loc":{"start":{"line":20,"column":7},"end":{"line":24,"column":3}}},"2":{"name":"(anonymous_4)","decl":{"start":{"line":22,"column":6},"end":{"line":22,"column":9}},"loc":{"start":{"line":22,"column":12},"end":{"line":22,"column":41}}}},"branchMap":{},"s":{"0":0,"1":0,"2":0,"3":0,"4":0,"5":0,"6":0,"7":0,"8":0,"9":0,"10":0},"f":{"0":0,"1":0,"2":0},"b":{}}
,"D:\\MyCodes\\myFlower\\src\\modules\\advice\\advice.controller.ts": {"path":"D:\\MyCodes\\myFlower\\src\\modules\\advice\\advice.controller.ts","statementMap":{"0":{"start":{"line":1,"column":0},"end":{"line":1,"column":76}},"1":{"start":{"line":2,"column":0},"end":{"line":2,"column":71}},"2":{"start":{"line":3,"column":0},"end":{"line":3,"column":49}},"3":{"start":{"line":4,"column":0},"end":{"line":4,"column":64}},"4":{"start":{"line":10,"column":7},"end":{"line":18,"column":null}},"5":{"start":{"line":11,"column":22},"end":{"line":11,"column":37}},"6":{"start":{"line":16,"column":4},"end":{"line":16,"column":76}},"7":{"start":{"line":10,"column":13},"end":{"line":10,"column":29}},"8":{"start":{"line":15,"column":8},"end":{"line":17,"column":null}},"9":{"start":{"line":10,"column":13},"end":{"line":18,"column":null}}},"fnMap":{"0":{"name":"(anonymous_4)","decl":{"start":{"line":11,"column":2},"end":{"line":11,"column":22}},"loc":{"start":{"line":11,"column":50},"end":{"line":11,"column":54}}},"1":{"name":"(anonymous_5)","decl":{"start":{"line":15,"column":2},"end":{"line":15,"column":7}},"loc":{"start":{"line":15,"column":67},"end":{"line":17,"column":3}}}},"branchMap":{},"s":{"0":0,"1":0,"2":0,"3":0,"4":0,"5":0,"6":0,"7":0,"8":0,"9":0},"f":{"0":0,"1":0},"b":{}}
,"D:\\MyCodes\\myFlower\\src\\modules\\advice\\advice.service.ts": {"path":"D:\\MyCodes\\myFlower\\src\\modules\\advice\\advice.service.ts","statementMap":{"0":{"start":{"line":1,"column":0},"end":{"line":1,"column":44}},"1":{"start":{"line":3,"column":0},"end":{"line":3,"column":57}},"2":{"start":{"line":4,"column":0},"end":{"line":4,"column":83}},"3":{"start":{"line":5,"column":0},"end":{"line":5,"column":74}},"4":{"start":{"line":9,"column":7},"end":{"line":418,"column":null}},"5":{"start":{"line":10,"column":37},"end":{"line":31,"column":4}},"6":{"start":{"line":34,"column":12},"end":{"line":34,"column":35}},"7":{"start":{"line":35,"column":12},"end":{"line":35,"column":27}},"8":{"start":{"line":36,"column":12},"end":{"line":36,"column":32}},"9":{"start":{"line":40,"column":18},"end":{"line":40,"column":67}},"10":{"start":{"line":41,"column":23},"end":{"line":43,"column":null}},"11":{"start":{"line":46,"column":4},"end":{"line":60,"column":5}},"12":{"start":{"line":47,"column":6},"end":{"line":59,"column":8}},"13":{"start":{"line":63,"column":6},"end":{"line":63,"column":73}},"14":{"start":{"line":64,"column":33},"end":{"line":64,"column":35}},"15":{"start":{"line":67,"column":27},"end":{"line":70,"column":null}},"16":{"start":{"line":74,"column":31},"end":{"line":76,"column":null}},"17":{"start":{"line":78,"column":4},"end":{"line":78,"column":39}},"18":{"start":{"line":81,"column":26},"end":{"line":83,"column":null}},"19":{"start":{"line":85,"column":4},"end":{"line":85,"column":34}},"20":{"start":{"line":88,"column":23},"end":{"line":88,"column":76}},"21":{"start":{"line":89,"column":4},"end":{"line":89,"column":31}},"22":{"start":{"line":92,"column":24},"end":{"line":92,"column":65}},"23":{"start":{"line":93,"column":4},"end":{"line":93,"column":32}},"24":{"start":{"line":96,"column":22},"end":{"line":96,"column":72}},"25":{"start":{"line":96,"column":43},"end":{"line":96,"column":64}},"26":{"start":{"line":97,"column":21},"end":{"line":97,"column":70}},"27":{"start":{"line":97,"column":42},"end":{"line":97,"column":62}},"28":{"start":{"line":98,"column":22},"end":{"line":98,"column":71}},"29":{"start":{"line":98,"column":43},"end":{"line":98,"column":63}},"30":{"start":{"line":101,"column":4},"end":{"line":111,"column":5}},"31":{"start":{"line":102,"column":6},"end":{"line":102,"column":33}},"32":{"start":{"line":103,"column":11},"end":{"line":111,"column":5}},"33":{"start":{"line":104,"column":6},"end":{"line":104,"column":40}},"34":{"start":{"line":105,"column":11},"end":{"line":111,"column":5}},"35":{"start":{"line":106,"column":6},"end":{"line":106,"column":29}},"36":{"start":{"line":107,"column":11},"end":{"line":111,"column":5}},"37":{"start":{"line":108,"column":6},"end":{"line":108,"column":34}},"38":{"start":{"line":110,"column":6},"end":{"line":110,"column":29}},"39":{"start":{"line":114,"column":4},"end":{"line":114,"column":51}},"40":{"start":{"line":114,"column":26},"end":{"line":114,"column":49}},"41":{"start":{"line":116,"column":4},"end":{"line":126,"column":6}},"42":{"start":{"line":131,"column":33},"end":{"line":131,"column":35}},"43":{"start":{"line":133,"column":4},"end":{"line":133,"column":43}},"44":{"start":{"line":133,"column":29},"end":{"line":133,"column":43}},"45":{"start":{"line":135,"column":19},"end":{"line":135,"column":30}},"46":{"start":{"line":136,"column":23},"end":{"line":136,"column":58}},"47":{"start":{"line":136,"column":49},"end":{"line":136,"column":57}},"48":{"start":{"line":137,"column":24},"end":{"line":137,"column":59}},"49":{"start":{"line":137,"column":50},"end":{"line":137,"column":58}},"50":{"start":{"line":139,"column":4},"end":{"line":139,"column":35}},"51":{"start":{"line":139,"column":21},"end":{"line":139,"column":35}},"52":{"start":{"line":143,"column":6},"end":{"line":143,"column":65}},"53":{"start":{"line":144,"column":4},"end":{"line":152,"column":5}},"54":{"start":{"line":145,"column":6},"end":{"line":151,"column":9}},"55":{"start":{"line":156,"column":6},"end":{"line":156,"column":65}},"56":{"start":{"line":157,"column":4},"end":{"line":165,"column":5}},"57":{"start":{"line":158,"column":6},"end":{"line":164,"column":9}},"58":{"start":{"line":168,"column":4},"end":{"line":180,"column":5}},"59":{"start":{"line":170,"column":8},"end":{"line":170,"column":62}},"60":{"start":{"line":171,"column":6},"end":{"line":179,"column":7}},"61":{"start":{"line":172,"column":8},"end":{"line":178,"column":11}},"62":{"start":{"line":183,"column":22},"end":{"line":183,"column":69}},"63":{"start":{"line":184,"column":4},"end":{"line":192,"column":5}},"64":{"start":{"line":185,"column":6},"end":{"line":191,"column":9}},"65":{"start":{"line":194,"column":4},"end":{"line":194,"column":18}},"66":{"start":{"line":199,"column":33},"end":{"line":199,"column":35}},"67":{"start":{"line":202,"column":24},"end":{"line":202,"column":54}},"68":{"start":{"line":203,"column":4},"end":{"line":230,"column":5}},"69":{"start":{"line":204,"column":6},"end":{"line":210,"column":9}},"70":{"start":{"line":211,"column":11},"end":{"line":230,"column":5}},"71":{"start":{"line":212,"column":6},"end":{"line":218,"column":9}},"72":{"start":{"line":219,"column":11},"end":{"line":230,"column":5}},"73":{"start":{"line":223,"column":6},"end":{"line":229,"column":9}},"74":{"start":{"line":233,"column":28},"end":{"line":233,"column":55}},"75":{"start":{"line":234,"column":4},"end":{"line":261,"column":5}},"76":{"start":{"line":235,"column":6},"end":{"line":241,"column":9}},"77":{"start":{"line":242,"column":11},"end":{"line":261,"column":5}},"78":{"start":{"line":243,"column":6},"end":{"line":249,"column":9}},"79":{"start":{"line":250,"column":11},"end":{"line":261,"column":5}},"80":{"start":{"line":254,"column":6},"end":{"line":260,"column":9}},"81":{"start":{"line":264,"column":25},"end":{"line":264,"column":49}},"82":{"start":{"line":265,"column":4},"end":{"line":292,"column":5}},"83":{"start":{"line":266,"column":6},"end":{"line":272,"column":9}},"84":{"start":{"line":273,"column":11},"end":{"line":292,"column":5}},"85":{"start":{"line":274,"column":6},"end":{"line":280,"column":9}},"86":{"start":{"line":281,"column":11},"end":{"line":292,"column":5}},"87":{"start":{"line":285,"column":6},"end":{"line":291,"column":9}},"88":{"start":{"line":294,"column":4},"end":{"line":294,"column":18}},"89":{"start":{"line":303,"column":33},"end":{"line":303,"column":35}},"90":{"start":{"line":306,"column":26},"end":{"line":309,"column":null}},"91":{"start":{"line":312,"column":16},"end":{"line":312,"column":26}},"92":{"start":{"line":313,"column":21},"end":{"line":315,"column":null}},"93":{"start":{"line":319,"column":24},"end":{"line":319,"column":77}},"94":{"start":{"line":319,"column":50},"end":{"line":319,"column":76}},"95":{"start":{"line":320,"column":4},"end":{"line":335,"column":5}},"96":{"start":{"line":321,"column":31},"end":{"line":323,"column":null}},"97":{"start":{"line":326,"column":6},"end":{"line":334,"column":7}},"98":{"start":{"line":327,"column":8},"end":{"line":333,"column":11}},"99":{"start":{"line":338,"column":27},"end":{"line":339,"column":null}},"100":{"start":{"line":339,"column":13},"end":{"line":339,"column":42}},"101":{"start":{"line":341,"column":4},"end":{"line":364,"column":5}},"102":{"start":{"line":342,"column":34},"end":{"line":344,"column":null}},"103":{"start":{"line":347,"column":6},"end":{"line":355,"column":7}},"104":{"start":{"line":348,"column":8},"end":{"line":354,"column":11}},"105":{"start":{"line":356,"column":11},"end":{"line":364,"column":5}},"106":{"start":{"line":357,"column":6},"end":{"line":363,"column":9}},"107":{"start":{"line":367,"column":27},"end":{"line":368,"column":null}},"108":{"start":{"line":368,"column":13},"end":{"line":368,"column":44}},"109":{"start":{"line":370,"column":4},"end":{"line":379,"column":5}},"110":{"start":{"line":372,"column":6},"end":{"line":378,"column":9}},"111":{"start":{"line":381,"column":4},"end":{"line":381,"column":18}},"112":{"start":{"line":386,"column":33},"end":{"line":386,"column":35}},"113":{"start":{"line":390,"column":6},"end":{"line":390,"column":63}},"114":{"start":{"line":391,"column":4},"end":{"line":409,"column":5}},"115":{"start":{"line":392,"column":6},"end":{"line":399,"column":9}},"116":{"start":{"line":400,"column":11},"end":{"line":409,"column":5}},"117":{"start":{"line":401,"column":6},"end":{"line":408,"column":9}},"118":{"start":{"line":411,"column":4},"end":{"line":411,"column":18}},"119":{"start":{"line":415,"column":16},"end":{"line":415,"column":58}},"120":{"start":{"line":415,"column":45},"end":{"line":415,"column":54}},"121":{"start":{"line":416,"column":4},"end":{"line":416,"column":58}},"122":{"start":{"line":9,"column":13},"end":{"line":9,"column":26}},"123":{"start":{"line":9,"column":13},"end":{"line":418,"column":null}}},"fnMap":{"0":{"name":"(anonymous_2)","decl":{"start":{"line":33,"column":2},"end":{"line":33,"column":null}},"loc":{"start":{"line":36,"column":50},"end":{"line":37,"column":6}}},"1":{"name":"(anonymous_3)","decl":{"start":{"line":39,"column":2},"end":{"line":39,"column":7}},"loc":{"start":{"line":39,"column":57},"end":{"line":127,"column":3}}},"2":{"name":"(anonymous_4)","decl":{"start":{"line":96,"column":36},"end":{"line":96,"column":37}},"loc":{"start":{"line":96,"column":43},"end":{"line":96,"column":64}}},"3":{"name":"(anonymous_5)","decl":{"start":{"line":97,"column":35},"end":{"line":97,"column":36}},"loc":{"start":{"line":97,"column":42},"end":{"line":97,"column":62}}},"4":{"name":"(anonymous_6)","decl":{"start":{"line":98,"column":36},"end":{"line":98,"column":37}},"loc":{"start":{"line":98,"column":43},"end":{"line":98,"column":63}}},"5":{"name":"(anonymous_7)","decl":{"start":{"line":114,"column":16},"end":{"line":114,"column":17}},"loc":{"start":{"line":114,"column":26},"end":{"line":114,"column":49}}},"6":{"name":"(anonymous_8)","decl":{"start":{"line":130,"column":10},"end":{"line":130,"column":15}},"loc":{"start":{"line":130,"column":68},"end":{"line":195,"column":3}}},"7":{"name":"(anonymous_9)","decl":{"start":{"line":136,"column":37},"end":{"line":136,"column":38}},"loc":{"start":{"line":136,"column":49},"end":{"line":136,"column":57}}},"8":{"name":"(anonymous_10)","decl":{"start":{"line":137,"column":38},"end":{"line":137,"column":39}},"loc":{"start":{"line":137,"column":50},"end":{"line":137,"column":58}}},"9":{"name":"(anonymous_11)","decl":{"start":{"line":198,"column":10},"end":{"line":198,"column":34}},"loc":{"start":{"line":198,"column":67},"end":{"line":295,"column":3}}},"10":{"name":"(anonymous_12)","decl":{"start":{"line":298,"column":10},"end":{"line":298,"column":15}},"loc":{"start":{"line":301,"column":14},"end":{"line":382,"column":3}}},"11":{"name":"(anonymous_13)","decl":{"start":{"line":319,"column":43},"end":{"line":319,"column":44}},"loc":{"start":{"line":319,"column":50},"end":{"line":319,"column":76}}},"12":{"name":"(anonymous_14)","decl":{"start":{"line":339,"column":6},"end":{"line":339,"column":7}},"loc":{"start":{"line":339,"column":13},"end":{"line":339,"column":42}}},"13":{"name":"(anonymous_15)","decl":{"start":{"line":368,"column":6},"end":{"line":368,"column":7}},"loc":{"start":{"line":368,"column":13},"end":{"line":368,"column":44}}},"14":{"name":"(anonymous_16)","decl":{"start":{"line":385,"column":10},"end":{"line":385,"column":23}},"loc":{"start":{"line":385,"column":39},"end":{"line":412,"column":3}}},"15":{"name":"(anonymous_17)","decl":{"start":{"line":414,"column":10},"end":{"line":414,"column":26}},"loc":{"start":{"line":414,"column":44},"end":{"line":417,"column":3}}},"16":{"name":"(anonymous_18)","decl":{"start":{"line":415,"column":31},"end":{"line":415,"column":32}},"loc":{"start":{"line":415,"column":45},"end":{"line":415,"column":54}}}},"branchMap":{"0":{"loc":{"start":{"line":46,"column":4},"end":{"line":60,"column":5}},"type":"if","locations":[{"start":{"line":46,"column":4},"end":{"line":60,"column":5}}]},"1":{"loc":{"start":{"line":63,"column":6},"end":{"line":63,"column":73}},"type":"binary-expr","locations":[{"start":{"line":63,"column":6},"end":{"line":63,"column":41}},{"start":{"line":63,"column":45},"end":{"line":63,"column":73}}]},"2":{"loc":{"start":{"line":101,"column":4},"end":{"line":111,"column":5}},"type":"if","locations":[{"start":{"line":101,"column":4},"end":{"line":111,"column":5}},{"start":{"line":103,"column":11},"end":{"line":111,"column":5}}]},"3":{"loc":{"start":{"line":103,"column":11},"end":{"line":111,"column":5}},"type":"if","locations":[{"start":{"line":103,"column":11},"end":{"line":111,"column":5}},{"start":{"line":105,"column":11},"end":{"line":111,"column":5}}]},"4":{"loc":{"start":{"line":105,"column":11},"end":{"line":111,"column":5}},"type":"if","locations":[{"start":{"line":105,"column":11},"end":{"line":111,"column":5}},{"start":{"line":107,"column":11},"end":{"line":111,"column":5}}]},"5":{"loc":{"start":{"line":107,"column":11},"end":{"line":111,"column":5}},"type":"if","locations":[{"start":{"line":107,"column":11},"end":{"line":111,"column":5}},{"start":{"line":109,"column":11},"end":{"line":111,"column":5}}]},"6":{"loc":{"start":{"line":133,"column":4},"end":{"line":133,"column":43}},"type":"if","locations":[{"start":{"line":133,"column":4},"end":{"line":133,"column":43}}]},"7":{"loc":{"start":{"line":139,"column":4},"end":{"line":139,"column":35}},"type":"if","locations":[{"start":{"line":139,"column":4},"end":{"line":139,"column":35}}]},"8":{"loc":{"start":{"line":144,"column":4},"end":{"line":152,"column":5}},"type":"if","locations":[{"start":{"line":144,"column":4},"end":{"line":152,"column":5}}]},"9":{"loc":{"start":{"line":157,"column":4},"end":{"line":165,"column":5}},"type":"if","locations":[{"start":{"line":157,"column":4},"end":{"line":165,"column":5}}]},"10":{"loc":{"start":{"line":168,"column":4},"end":{"line":180,"column":5}},"type":"if","locations":[{"start":{"line":168,"column":4},"end":{"line":180,"column":5}}]},"11":{"loc":{"start":{"line":171,"column":6},"end":{"line":179,"column":7}},"type":"if","locations":[{"start":{"line":171,"column":6},"end":{"line":179,"column":7}}]},"12":{"loc":{"start":{"line":184,"column":4},"end":{"line":192,"column":5}},"type":"if","locations":[{"start":{"line":184,"column":4},"end":{"line":192,"column":5}}]},"13":{"loc":{"start":{"line":184,"column":8},"end":{"line":184,"column":73}},"type":"binary-expr","locations":[{"start":{"line":184,"column":8},"end":{"line":184,"column":26}},{"start":{"line":184,"column":30},"end":{"line":184,"column":73}}]},"14":{"loc":{"start":{"line":203,"column":4},"end":{"line":230,"column":5}},"type":"if","locations":[{"start":{"line":203,"column":4},"end":{"line":230,"column":5}},{"start":{"line":211,"column":11},"end":{"line":230,"column":5}}]},"15":{"loc":{"start":{"line":211,"column":11},"end":{"line":230,"column":5}},"type":"if","locations":[{"start":{"line":211,"column":11},"end":{"line":230,"column":5}},{"start":{"line":219,"column":11},"end":{"line":230,"column":5}}]},"16":{"loc":{"start":{"line":219,"column":11},"end":{"line":230,"column":5}},"type":"if","locations":[{"start":{"line":219,"column":11},"end":{"line":230,"column":5}}]},"17":{"loc":{"start":{"line":220,"column":6},"end":{"line":221,"column":53}},"type":"binary-expr","locations":[{"start":{"line":220,"column":6},"end":{"line":220,"column":53}},{"start":{"line":221,"column":6},"end":{"line":221,"column":53}}]},"18":{"loc":{"start":{"line":234,"column":4},"end":{"line":261,"column":5}},"type":"if","locations":[{"start":{"line":234,"column":4},"end":{"line":261,"column":5}},{"start":{"line":242,"column":11},"end":{"line":261,"column":5}}]},"19":{"loc":{"start":{"line":242,"column":11},"end":{"line":261,"column":5}},"type":"if","locations":[{"start":{"line":242,"column":11},"end":{"line":261,"column":5}},{"start":{"line":250,"column":11},"end":{"line":261,"column":5}}]},"20":{"loc":{"start":{"line":250,"column":11},"end":{"line":261,"column":5}},"type":"if","locations":[{"start":{"line":250,"column":11},"end":{"line":261,"column":5}}]},"21":{"loc":{"start":{"line":251,"column":6},"end":{"line":252,"column":54}},"type":"binary-expr","locations":[{"start":{"line":251,"column":6},"end":{"line":251,"column":54}},{"start":{"line":252,"column":6},"end":{"line":252,"column":54}}]},"22":{"loc":{"start":{"line":265,"column":4},"end":{"line":292,"column":5}},"type":"if","locations":[{"start":{"line":265,"column":4},"end":{"line":292,"column":5}},{"start":{"line":273,"column":11},"end":{"line":292,"column":5}}]},"23":{"loc":{"start":{"line":273,"column":11},"end":{"line":292,"column":5}},"type":"if","locations":[{"start":{"line":273,"column":11},"end":{"line":292,"column":5}},{"start":{"line":281,"column":11},"end":{"line":292,"column":5}}]},"24":{"loc":{"start":{"line":281,"column":11},"end":{"line":292,"column":5}},"type":"if","locations":[{"start":{"line":281,"column":11},"end":{"line":292,"column":5}}]},"25":{"loc":{"start":{"line":282,"column":6},"end":{"line":283,"column":48}},"type":"binary-expr","locations":[{"start":{"line":282,"column":6},"end":{"line":282,"column":48}},{"start":{"line":283,"column":6},"end":{"line":283,"column":48}}]},"26":{"loc":{"start":{"line":320,"column":4},"end":{"line":335,"column":5}},"type":"if","locations":[{"start":{"line":320,"column":4},"end":{"line":335,"column":5}}]},"27":{"loc":{"start":{"line":326,"column":6},"end":{"line":334,"column":7}},"type":"if","locations":[{"start":{"line":326,"column":6},"end":{"line":334,"column":7}}]},"28":{"loc":{"start":{"line":341,"column":4},"end":{"line":364,"column":5}},"type":"if","locations":[{"start":{"line":341,"column":4},"end":{"line":364,"column":5}},{"start":{"line":356,"column":11},"end":{"line":364,"column":5}}]},"29":{"loc":{"start":{"line":347,"column":6},"end":{"line":355,"column":7}},"type":"if","locations":[{"start":{"line":347,"column":6},"end":{"line":355,"column":7}}]},"30":{"loc":{"start":{"line":356,"column":11},"end":{"line":364,"column":5}},"type":"if","locations":[{"start":{"line":356,"column":11},"end":{"line":364,"column":5}}]},"31":{"loc":{"start":{"line":370,"column":4},"end":{"line":379,"column":5}},"type":"if","locations":[{"start":{"line":370,"column":4},"end":{"line":379,"column":5}}]},"32":{"loc":{"start":{"line":370,"column":8},"end":{"line":370,"column":42}},"type":"binary-expr","locations":[{"start":{"line":370,"column":8},"end":{"line":370,"column":23}},{"start":{"line":370,"column":27},"end":{"line":370,"column":42}}]},"33":{"loc":{"start":{"line":391,"column":4},"end":{"line":409,"column":5}},"type":"if","locations":[{"start":{"line":391,"column":4},"end":{"line":409,"column":5}},{"start":{"line":400,"column":11},"end":{"line":409,"column":5}}]},"34":{"loc":{"start":{"line":400,"column":11},"end":{"line":409,"column":5}},"type":"if","locations":[{"start":{"line":400,"column":11},"end":{"line":409,"column":5}}]}},"s":{"0":1,"1":1,"2":1,"3":1,"4":1,"5":5,"6":5,"7":5,"8":5,"9":5,"10":5,"11":5,"12":1,"13":4,"14":4,"15":4,"16":4,"17":4,"18":4,"19":4,"20":4,"21":4,"22":4,"23":4,"24":4,"25":20,"26":4,"27":20,"28":4,"29":20,"30":4,"31":2,"32":2,"33":0,"34":2,"35":0,"36":2,"37":2,"38":0,"39":4,"40":28,"41":4,"42":4,"43":4,"44":3,"45":1,"46":1,"47":3,"48":1,"49":3,"50":1,"51":0,"52":1,"53":1,"54":1,"55":1,"56":1,"57":0,"58":1,"59":0,"60":0,"61":0,"62":1,"63":1,"64":0,"65":1,"66":4,"67":4,"68":4,"69":0,"70":4,"71":0,"72":4,"73":3,"74":4,"75":4,"76":1,"77":3,"78":0,"79":3,"80":3,"81":4,"82":4,"83":0,"84":4,"85":0,"86":4,"87":4,"88":4,"89":4,"90":4,"91":4,"92":4,"93":4,"94":2,"95":4,"96":1,"97":1,"98":0,"99":4,"100":2,"101":4,"102":1,"103":1,"104":1,"105":3,"106":3,"107":4,"108":2,"109":4,"110":3,"111":4,"112":4,"113":4,"114":4,"115":1,"116":3,"117":0,"118":4,"119":0,"120":0,"121":0,"122":1,"123":1},"f":{"0":5,"1":5,"2":20,"3":20,"4":20,"5":28,"6":4,"7":3,"8":3,"9":4,"10":4,"11":2,"12":2,"13":2,"14":4,"15":0,"16":0},"b":{"0":[1],"1":[4,0],"2":[2,2],"3":[0,2],"4":[0,2],"5":[2,0],"6":[3],"7":[0],"8":[1],"9":[0],"10":[0],"11":[0],"12":[0],"13":[1,0],"14":[0,4],"15":[0,4],"16":[3],"17":[4,3],"18":[1,3],"19":[0,3],"20":[3],"21":[3,3],"22":[0,4],"23":[0,4],"24":[4],"25":[4,4],"26":[1],"27":[0],"28":[1,3],"29":[1],"30":[3],"31":[3],"32":[4,4],"33":[1,3],"34":[0]}}
,"D:\\MyCodes\\myFlower\\src\\modules\\advice\\dto\\create-advice.dto.ts": {"path":"D:\\MyCodes\\myFlower\\src\\modules\\advice\\dto\\create-advice.dto.ts","statementMap":{"0":{"start":{"line":1,"column":0},"end":{"line":1,"column":13}}},"fnMap":{},"branchMap":{},"s":{"0":0},"f":{},"b":{}}
,"D:\\MyCodes\\myFlower\\src\\modules\\advice\\dto\\update-advice.dto.ts": {"path":"D:\\MyCodes\\myFlower\\src\\modules\\advice\\dto\\update-advice.dto.ts","statementMap":{"0":{"start":{"line":1,"column":0},"end":{"line":1,"column":46}},"1":{"start":{"line":2,"column":0},"end":{"line":2,"column":54}},"2":{"start":{"line":4,"column":0},"end":{"line":4,"column":13}}},"fnMap":{},"branchMap":{},"s":{"0":0,"1":0,"2":0},"f":{},"b":{}}
,"D:\\MyCodes\\myFlower\\src\\modules\\auth\\auth.controller.ts": {"path":"D:\\MyCodes\\myFlower\\src\\modules\\auth\\auth.controller.ts","statementMap":{"0":{"start":{"line":1,"column":0},"end":{"line":1,"column":56}},"1":{"start":{"line":2,"column":0},"end":{"line":2,"column":56}},"2":{"start":{"line":3,"column":0},"end":{"line":3,"column":55}},"3":{"start":{"line":4,"column":0},"end":{"line":4,"column":49}},"4":{"start":{"line":5,"column":0},"end":{"line":5,"column":59}},"5":{"start":{"line":6,"column":0},"end":{"line":6,"column":45}},"6":{"start":{"line":10,"column":7},"end":{"line":33,"column":null}},"7":{"start":{"line":11,"column":31},"end":{"line":11,"column":44}},"8":{"start":{"line":16,"column":4},"end":{"line":16,"column":50}},"9":{"start":{"line":21,"column":4},"end":{"line":21,"column":50}},"10":{"start":{"line":10,"column":13},"end":{"line":10,"column":27}},"11":{"start":{"line":15,"column":2},"end":{"line":17,"column":null}},"12":{"start":{"line":20,"column":2},"end":{"line":22,"column":null}},"13":{"start":{"line":25,"column":2},"end":{"line":27,"column":null}},"14":{"start":{"line":30,"column":2},"end":{"line":32,"column":null}},"15":{"start":{"line":10,"column":13},"end":{"line":33,"column":null}}},"fnMap":{"0":{"name":"(anonymous_4)","decl":{"start":{"line":11,"column":2},"end":{"line":11,"column":31}},"loc":{"start":{"line":11,"column":55},"end":{"line":11,"column":59}}},"1":{"name":"(anonymous_5)","decl":{"start":{"line":15,"column":2},"end":{"line":15,"column":10}},"loc":{"start":{"line":15,"column":43},"end":{"line":17,"column":3}}},"2":{"name":"(anonymous_6)","decl":{"start":{"line":20,"column":2},"end":{"line":20,"column":7}},"loc":{"start":{"line":20,"column":40},"end":{"line":22,"column":3}}},"3":{"name":"(anonymous_7)","decl":{"start":{"line":25,"column":2},"end":{"line":25,"column":16}},"loc":{"start":{"line":25,"column":44},"end":{"line":27,"column":3}}},"4":{"name":"(anonymous_8)","decl":{"start":{"line":30,"column":2},"end":{"line":30,"column":10}},"loc":{"start":{"line":30,"column":38},"end":{"line":32,"column":3}}}},"branchMap":{},"s":{"0":0,"1":0,"2":0,"3":0,"4":0,"5":0,"6":0,"7":0,"8":0,"9":0,"10":0,"11":0,"12":0,"13":0,"14":0,"15":0},"f":{"0":0,"1":0,"2":0,"3":0,"4":0},"b":{}}
,"D:\\MyCodes\\myFlower\\src\\modules\\auth\\auth.service.ts": {"path":"D:\\MyCodes\\myFlower\\src\\modules\\auth\\auth.service.ts","statementMap":{"0":{"start":{"line":1,"column":0},"end":{"line":1,"column":null}},"1":{"start":{"line":11,"column":0},"end":{"line":11,"column":41}},"2":{"start":{"line":15,"column":0},"end":{"line":15,"column":52}},"3":{"start":{"line":17,"column":0},"end":{"line":17,"column":33}},"4":{"start":{"line":21,"column":7},"end":{"line":137,"column":null}},"5":{"start":{"line":23,"column":12},"end":{"line":23,"column":24}},"6":{"start":{"line":24,"column":12},"end":{"line":24,"column":25}},"7":{"start":{"line":30,"column":30},"end":{"line":30,"column":41}},"8":{"start":{"line":32,"column":4},"end":{"line":33,"column":68}},"9":{"start":{"line":33,"column":6},"end":{"line":33,"column":68}},"10":{"start":{"line":34,"column":4},"end":{"line":35,"column":68}},"11":{"start":{"line":35,"column":6},"end":{"line":35,"column":68}},"12":{"start":{"line":37,"column":24},"end":{"line":37,"column":67}},"13":{"start":{"line":38,"column":15},"end":{"line":38,"column":56}},"14":{"start":{"line":39,"column":4},"end":{"line":49,"column":5}},"15":{"start":{"line":40,"column":6},"end":{"line":45,"column":9}},"16":{"start":{"line":48,"column":6},"end":{"line":48,"column":64}},"17":{"start":{"line":51,"column":4},"end":{"line":53,"column":6}},"18":{"start":{"line":57,"column":30},"end":{"line":57,"column":38}},"19":{"start":{"line":59,"column":2},"end":{"line":60,"column":70}},"20":{"start":{"line":60,"column":4},"end":{"line":60,"column":70}},"21":{"start":{"line":62,"column":4},"end":{"line":63,"column":60}},"22":{"start":{"line":63,"column":4},"end":{"line":63,"column":60}},"23":{"start":{"line":65,"column":15},"end":{"line":65,"column":56}},"24":{"start":{"line":67,"column":2},"end":{"line":68,"column":72}},"25":{"start":{"line":68,"column":6},"end":{"line":68,"column":72}},"26":{"start":{"line":70,"column":4},"end":{"line":71,"column":62}},"27":{"start":{"line":71,"column":6},"end":{"line":71,"column":62}},"28":{"start":{"line":74,"column":7},"end":{"line":76,"column":3}},"29":{"start":{"line":75,"column":4},"end":{"line":75,"column":75}},"30":{"start":{"line":78,"column":30},"end":{"line":78,"column":75}},"31":{"start":{"line":80,"column":6},"end":{"line":83,"column":10}},"32":{"start":{"line":81,"column":8},"end":{"line":83,"column":10}},"33":{"start":{"line":85,"column":42},"end":{"line":87,"column":6}},"34":{"start":{"line":88,"column":4},"end":{"line":92,"column":6}},"35":{"start":{"line":98,"column":17},"end":{"line":98,"column":58}},"36":{"start":{"line":99,"column":4},"end":{"line":99,"column":68}},"37":{"start":{"line":99,"column":14},"end":{"line":99,"column":68}},"38":{"start":{"line":107,"column":24},"end":{"line":110,"column":6}},"39":{"start":{"line":111,"column":25},"end":{"line":114,"column":6}},"40":{"start":{"line":115,"column":4},"end":{"line":118,"column":6}},"41":{"start":{"line":121,"column":4},"end":{"line":135,"column":5}},"42":{"start":{"line":122,"column":22},"end":{"line":124,"column":8}},"43":{"start":{"line":125,"column":6},"end":{"line":131,"column":7}},"44":{"start":{"line":126,"column":21},"end":{"line":126,"column":64}},"45":{"start":{"line":127,"column":8},"end":{"line":129,"column":9}},"46":{"start":{"line":128,"column":10},"end":{"line":128,"column":68}},"47":{"start":{"line":130,"column":8},"end":{"line":130,"column":20}},"48":{"start":{"line":132,"column":6},"end":{"line":132,"column":64}},"49":{"start":{"line":134,"column":6},"end":{"line":134,"column":64}},"50":{"start":{"line":21,"column":13},"end":{"line":21,"column":24}},"51":{"start":{"line":21,"column":13},"end":{"line":137,"column":null}}},"fnMap":{"0":{"name":"(anonymous_11)","decl":{"start":{"line":22,"column":2},"end":{"line":22,"column":null}},"loc":{"start":{"line":24,"column":36},"end":{"line":26,"column":6}}},"1":{"name":"(anonymous_12)","decl":{"start":{"line":29,"column":2},"end":{"line":29,"column":7}},"loc":{"start":{"line":29,"column":41},"end":{"line":54,"column":3}}},"2":{"name":"(anonymous_13)","decl":{"start":{"line":56,"column":2},"end":{"line":56,"column":7}},"loc":{"start":{"line":56,"column":32},"end":{"line":93,"column":3}}},"3":{"name":"(anonymous_14)","decl":{"start":{"line":97,"column":2},"end":{"line":97,"column":7}},"loc":{"start":{"line":97,"column":32},"end":{"line":100,"column":3}}},"4":{"name":"(anonymous_15)","decl":{"start":{"line":106,"column":2},"end":{"line":106,"column":20}},"loc":{"start":{"line":106,"column":41},"end":{"line":119,"column":3}}},"5":{"name":"(anonymous_16)","decl":{"start":{"line":120,"column":2},"end":{"line":120,"column":7}},"loc":{"start":{"line":120,"column":41},"end":{"line":136,"column":3}}}},"branchMap":{"0":{"loc":{"start":{"line":32,"column":4},"end":{"line":33,"column":68}},"type":"if","locations":[{"start":{"line":32,"column":4},"end":{"line":33,"column":68}}]},"1":{"loc":{"start":{"line":34,"column":4},"end":{"line":35,"column":68}},"type":"if","locations":[{"start":{"line":34,"column":4},"end":{"line":35,"column":68}}]},"2":{"loc":{"start":{"line":39,"column":4},"end":{"line":49,"column":5}},"type":"if","locations":[{"start":{"line":39,"column":4},"end":{"line":49,"column":5}},{"start":{"line":47,"column":11},"end":{"line":49,"column":5}}]},"3":{"loc":{"start":{"line":59,"column":2},"end":{"line":60,"column":70}},"type":"if","locations":[{"start":{"line":59,"column":2},"end":{"line":60,"column":70}}]},"4":{"loc":{"start":{"line":62,"column":4},"end":{"line":63,"column":60}},"type":"if","locations":[{"start":{"line":62,"column":4},"end":{"line":63,"column":60}}]},"5":{"loc":{"start":{"line":67,"column":2},"end":{"line":68,"column":72}},"type":"if","locations":[{"start":{"line":67,"column":2},"end":{"line":68,"column":72}}]},"6":{"loc":{"start":{"line":70,"column":4},"end":{"line":71,"column":62}},"type":"if","locations":[{"start":{"line":70,"column":4},"end":{"line":71,"column":62}}]},"7":{"loc":{"start":{"line":74,"column":7},"end":{"line":76,"column":3}},"type":"if","locations":[{"start":{"line":74,"column":7},"end":{"line":76,"column":3}}]},"8":{"loc":{"start":{"line":80,"column":6},"end":{"line":83,"column":10}},"type":"if","locations":[{"start":{"line":80,"column":6},"end":{"line":83,"column":10}}]},"9":{"loc":{"start":{"line":99,"column":4},"end":{"line":99,"column":68}},"type":"if","locations":[{"start":{"line":99,"column":4},"end":{"line":99,"column":68}}]},"10":{"loc":{"start":{"line":125,"column":6},"end":{"line":131,"column":7}},"type":"if","locations":[{"start":{"line":125,"column":6},"end":{"line":131,"column":7}}]},"11":{"loc":{"start":{"line":125,"column":10},"end":{"line":125,"column":52}},"type":"binary-expr","locations":[{"start":{"line":125,"column":10},"end":{"line":125,"column":37}},{"start":{"line":125,"column":41},"end":{"line":125,"column":52}}]},"12":{"loc":{"start":{"line":127,"column":8},"end":{"line":129,"column":9}},"type":"if","locations":[{"start":{"line":127,"column":8},"end":{"line":129,"column":9}}]}},"s":{"0":1,"1":1,"2":1,"3":1,"4":1,"5":5,"6":5,"7":2,"8":2,"9":0,"10":2,"11":0,"12":2,"13":2,"14":2,"15":1,"16":1,"17":1,"18":3,"19":3,"20":0,"21":3,"22":0,"23":3,"24":3,"25":1,"26":2,"27":0,"28":2,"29":0,"30":2,"31":2,"32":1,"33":1,"34":1,"35":0,"36":0,"37":0,"38":1,"39":1,"40":1,"41":0,"42":0,"43":0,"44":0,"45":0,"46":0,"47":0,"48":0,"49":0,"50":1,"51":1},"f":{"0":5,"1":2,"2":3,"3":0,"4":1,"5":0},"b":{"0":[0],"1":[0],"2":[1,1],"3":[0],"4":[0],"5":[1],"6":[0],"7":[0],"8":[1],"9":[0],"10":[0],"11":[0,0],"12":[0]}}
,"D:\\MyCodes\\myFlower\\src\\modules\\auth\\dto\\create-auth.dto.ts": {"path":"D:\\MyCodes\\myFlower\\src\\modules\\auth\\dto\\create-auth.dto.ts","statementMap":{"0":{"start":{"line":1,"column":0},"end":{"line":1,"column":13}}},"fnMap":{},"branchMap":{},"s":{"0":0},"f":{},"b":{}}
,"D:\\MyCodes\\myFlower\\src\\modules\\auth\\dto\\login.dto.ts": {"path":"D:\\MyCodes\\myFlower\\src\\modules\\auth\\dto\\login.dto.ts","statementMap":{"0":{"start":{"line":1,"column":0},"end":{"line":1,"column":52}},"1":{"start":{"line":2,"column":0},"end":{"line":2,"column":46}},"2":{"start":{"line":4,"column":0},"end":{"line":4,"column":13}},"3":{"start":{"line":7,"column":2},"end":{"line":7,"column":null}},"4":{"start":{"line":11,"column":2},"end":{"line":11,"column":null}}},"fnMap":{},"branchMap":{},"s":{"0":0,"1":0,"2":0,"3":0,"4":0},"f":{},"b":{}}
,"D:\\MyCodes\\myFlower\\src\\modules\\auth\\dto\\otp.dto.ts": {"path":"D:\\MyCodes\\myFlower\\src\\modules\\auth\\dto\\otp.dto.ts","statementMap":{"0":{"start":{"line":1,"column":0},"end":{"line":1,"column":46}},"1":{"start":{"line":2,"column":0},"end":{"line":2,"column":75}},"2":{"start":{"line":4,"column":0},"end":{"line":4,"column":13}},"3":{"start":{"line":10,"column":2},"end":{"line":10,"column":null}},"4":{"start":{"line":13,"column":0},"end":{"line":13,"column":13}},"5":{"start":{"line":19,"column":2},"end":{"line":19,"column":null}},"6":{"start":{"line":23,"column":2},"end":{"line":23,"column":null}}},"fnMap":{},"branchMap":{},"s":{"0":0,"1":0,"2":0,"3":0,"4":0,"5":0,"6":0},"f":{},"b":{}}
,"D:\\MyCodes\\myFlower\\src\\modules\\auth\\dto\\register.dto.ts": {"path":"D:\\MyCodes\\myFlower\\src\\modules\\auth\\dto\\register.dto.ts","statementMap":{"0":{"start":{"line":1,"column":0},"end":{"line":1,"column":null}},"1":{"start":{"line":8,"column":0},"end":{"line":8,"column":46}},"2":{"start":{"line":10,"column":0},"end":{"line":10,"column":13}},"3":{"start":{"line":16,"column":2},"end":{"line":16,"column":null}},"4":{"start":{"line":21,"column":2},"end":{"line":21,"column":null}},"5":{"start":{"line":26,"column":2},"end":{"line":26,"column":null}},"6":{"start":{"line":36,"column":2},"end":{"line":36,"column":null}}},"fnMap":{},"branchMap":{},"s":{"0":0,"1":0,"2":0,"3":0,"4":0,"5":0,"6":0},"f":{},"b":{}}
,"D:\\MyCodes\\myFlower\\src\\modules\\auth\\dto\\update-auth.dto.ts": {"path":"D:\\MyCodes\\myFlower\\src\\modules\\auth\\dto\\update-auth.dto.ts","statementMap":{"0":{"start":{"line":1,"column":0},"end":{"line":1,"column":46}},"1":{"start":{"line":2,"column":0},"end":{"line":2,"column":50}},"2":{"start":{"line":4,"column":0},"end":{"line":4,"column":13}}},"fnMap":{},"branchMap":{},"s":{"0":0,"1":0,"2":0},"f":{},"b":{}}
,"D:\\MyCodes\\myFlower\\src\\modules\\auth\\guards\\auth.guard.ts": {"path":"D:\\MyCodes\\myFlower\\src\\modules\\auth\\guards\\auth.guard.ts","statementMap":{"0":{"start":{"line":1,"column":0},"end":{"line":1,"column":null}},"1":{"start":{"line":7,"column":0},"end":{"line":7,"column":40}},"2":{"start":{"line":9,"column":0},"end":{"line":9,"column":41}},"3":{"start":{"line":10,"column":0},"end":{"line":10,"column":70}},"4":{"start":{"line":11,"column":0},"end":{"line":11,"column":46}},"5":{"start":{"line":14,"column":7},"end":{"line":41,"column":null}},"6":{"start":{"line":16,"column":12},"end":{"line":16,"column":25}},"7":{"start":{"line":17,"column":12},"end":{"line":17,"column":23}},"8":{"start":{"line":20,"column":26},"end":{"line":22,"column":null}},"9":{"start":{"line":24,"column":4},"end":{"line":24,"column":35}},"10":{"start":{"line":24,"column":23},"end":{"line":24,"column":35}},"11":{"start":{"line":25,"column":24},"end":{"line":25,"column":46}},"12":{"start":{"line":26,"column":29},"end":{"line":26,"column":62}},"13":{"start":{"line":27,"column":18},"end":{"line":27,"column":44}},"14":{"start":{"line":28,"column":4},"end":{"line":28,"column":69}},"15":{"start":{"line":29,"column":4},"end":{"line":29,"column":16}},"16":{"start":{"line":32,"column":30},"end":{"line":32,"column":45}},"17":{"start":{"line":33,"column":4},"end":{"line":35,"column":5}},"18":{"start":{"line":34,"column":6},"end":{"line":34,"column":63}},"19":{"start":{"line":36,"column":28},"end":{"line":36,"column":53}},"20":{"start":{"line":37,"column":4},"end":{"line":38,"column":63}},"21":{"start":{"line":38,"column":6},"end":{"line":38,"column":63}},"22":{"start":{"line":39,"column":4},"end":{"line":39,"column":17}},"23":{"start":{"line":14,"column":13},"end":{"line":14,"column":22}},"24":{"start":{"line":14,"column":13},"end":{"line":41,"column":null}}},"fnMap":{"0":{"name":"(anonymous_2)","decl":{"start":{"line":15,"column":2},"end":{"line":15,"column":null}},"loc":{"start":{"line":17,"column":32},"end":{"line":18,"column":6}}},"1":{"name":"(anonymous_3)","decl":{"start":{"line":19,"column":2},"end":{"line":19,"column":7}},"loc":{"start":{"line":19,"column":45},"end":{"line":30,"column":3}}},"2":{"name":"(anonymous_4)","decl":{"start":{"line":31,"column":12},"end":{"line":31,"column":24}},"loc":{"start":{"line":31,"column":41},"end":{"line":40,"column":3}}}},"branchMap":{"0":{"loc":{"start":{"line":24,"column":4},"end":{"line":24,"column":35}},"type":"if","locations":[{"start":{"line":24,"column":4},"end":{"line":24,"column":35}}]},"1":{"loc":{"start":{"line":33,"column":4},"end":{"line":35,"column":5}},"type":"if","locations":[{"start":{"line":33,"column":4},"end":{"line":35,"column":5}}]},"2":{"loc":{"start":{"line":33,"column":8},"end":{"line":33,"column":53}},"type":"binary-expr","locations":[{"start":{"line":33,"column":8},"end":{"line":33,"column":22}},{"start":{"line":33,"column":26},"end":{"line":33,"column":53}}]},"3":{"loc":{"start":{"line":37,"column":4},"end":{"line":38,"column":63}},"type":"if","locations":[{"start":{"line":37,"column":4},"end":{"line":38,"column":63}}]},"4":{"loc":{"start":{"line":37,"column":8},"end":{"line":37,"column":69}},"type":"binary-expr","locations":[{"start":{"line":37,"column":8},"end":{"line":37,"column":42}},{"start":{"line":37,"column":46},"end":{"line":37,"column":52}},{"start":{"line":37,"column":56},"end":{"line":37,"column":69}}]}},"s":{"0":0,"1":0,"2":0,"3":0,"4":0,"5":0,"6":0,"7":0,"8":0,"9":0,"10":0,"11":0,"12":0,"13":0,"14":0,"15":0,"16":0,"17":0,"18":0,"19":0,"20":0,"21":0,"22":0,"23":0,"24":0},"f":{"0":0,"1":0,"2":0},"b":{"0":[0],"1":[0],"2":[0,0],"3":[0],"4":[0,0,0]}}
,"D:\\MyCodes\\myFlower\\src\\modules\\flower\\flower.controller.ts": {"path":"D:\\MyCodes\\myFlower\\src\\modules\\flower\\flower.controller.ts","statementMap":{"0":{"start":{"line":1,"column":0},"end":{"line":1,"column":null}},"1":{"start":{"line":10,"column":0},"end":{"line":10,"column":49}},"2":{"start":{"line":13,"column":7},"end":{"line":20,"column":null}},"3":{"start":{"line":14,"column":31},"end":{"line":14,"column":46}},"4":{"start":{"line":18,"column":4},"end":{"line":18,"column":46}},"5":{"start":{"line":13,"column":13},"end":{"line":13,"column":29}},"6":{"start":{"line":17,"column":2},"end":{"line":19,"column":null}},"7":{"start":{"line":13,"column":13},"end":{"line":20,"column":null}}},"fnMap":{"0":{"name":"(anonymous_4)","decl":{"start":{"line":14,"column":2},"end":{"line":14,"column":31}},"loc":{"start":{"line":14,"column":59},"end":{"line":14,"column":63}}},"1":{"name":"(anonymous_5)","decl":{"start":{"line":17,"column":2},"end":{"line":17,"column":8}},"loc":{"start":{"line":17,"column":29},"end":{"line":19,"column":3}}}},"branchMap":{},"s":{"0":0,"1":0,"2":0,"3":0,"4":0,"5":0,"6":0,"7":0},"f":{"0":0,"1":0},"b":{}}
,"D:\\MyCodes\\myFlower\\src\\modules\\flower\\flower.service.ts": {"path":"D:\\MyCodes\\myFlower\\src\\modules\\flower\\flower.service.ts","statementMap":{"0":{"start":{"line":1,"column":0},"end":{"line":1,"column":44}},"1":{"start":{"line":6,"column":7},"end":{"line":13,"column":null}},"2":{"start":{"line":10,"column":4},"end":{"line":10,"column":25}},"3":{"start":{"line":11,"column":4},"end":{"line":11,"column":19}},"4":{"start":{"line":6,"column":13},"end":{"line":6,"column":26}},"5":{"start":{"line":6,"column":13},"end":{"line":13,"column":null}}},"fnMap":{"0":{"name":"(anonymous_2)","decl":{"start":{"line":7,"column":2},"end":{"line":7,"column":17}},"loc":{"start":{"line":7,"column":2},"end":{"line":7,"column":18}}},"1":{"name":"(anonymous_3)","decl":{"start":{"line":9,"column":2},"end":{"line":9,"column":7}},"loc":{"start":{"line":9,"column":27},"end":{"line":12,"column":3}}}},"branchMap":{},"s":{"0":0,"1":0,"2":0,"3":0,"4":0,"5":0},"f":{"0":0,"1":0},"b":{}}
,"D:\\MyCodes\\myFlower\\src\\modules\\plants\\plants.controller.ts": {"path":"D:\\MyCodes\\myFlower\\src\\modules\\plants\\plants.controller.ts","statementMap":{"0":{"start":{"line":1,"column":0},"end":{"line":1,"column":null}},"1":{"start":{"line":12,"column":0},"end":{"line":12,"column":71}},"2":{"start":{"line":13,"column":0},"end":{"line":13,"column":49}},"3":{"start":{"line":14,"column":0},"end":{"line":14,"column":56}},"4":{"start":{"line":15,"column":0},"end":{"line":15,"column":56}},"5":{"start":{"line":16,"column":0},"end":{"line":16,"column":64}},"6":{"start":{"line":22,"column":7},"end":{"line":65,"column":null}},"7":{"start":{"line":23,"column":22},"end":{"line":23,"column":37}},"8":{"start":{"line":28,"column":4},"end":{"line":28,"column":72}},"9":{"start":{"line":34,"column":4},"end":{"line":34,"column":57}},"10":{"start":{"line":40,"column":4},"end":{"line":40,"column":61}},"11":{"start":{"line":46,"column":4},"end":{"line":46,"column":72}},"12":{"start":{"line":56,"column":4},"end":{"line":56,"column":76}},"13":{"start":{"line":62,"column":4},"end":{"line":62,"column":53}},"14":{"start":{"line":63,"column":4},"end":{"line":63,"column":53}},"15":{"start":{"line":22,"column":13},"end":{"line":22,"column":29}},"16":{"start":{"line":27,"column":8},"end":{"line":29,"column":null}},"17":{"start":{"line":33,"column":8},"end":{"line":35,"column":null}},"18":{"start":{"line":39,"column":8},"end":{"line":41,"column":null}},"19":{"start":{"line":45,"column":8},"end":{"line":47,"column":null}},"20":{"start":{"line":51,"column":8},"end":{"line":57,"column":null}},"21":{"start":{"line":61,"column":8},"end":{"line":64,"column":null}},"22":{"start":{"line":22,"column":13},"end":{"line":65,"column":null}}},"fnMap":{"0":{"name":"(anonymous_4)","decl":{"start":{"line":23,"column":2},"end":{"line":23,"column":22}},"loc":{"start":{"line":23,"column":50},"end":{"line":23,"column":54}}},"1":{"name":"(anonymous_5)","decl":{"start":{"line":27,"column":2},"end":{"line":27,"column":7}},"loc":{"start":{"line":27,"column":69},"end":{"line":29,"column":3}}},"2":{"name":"(anonymous_6)","decl":{"start":{"line":33,"column":2},"end":{"line":33,"column":7}},"loc":{"start":{"line":33,"column":30},"end":{"line":35,"column":3}}},"3":{"name":"(anonymous_7)","decl":{"start":{"line":39,"column":2},"end":{"line":39,"column":7}},"loc":{"start":{"line":39,"column":55},"end":{"line":41,"column":3}}},"4":{"name":"(anonymous_8)","decl":{"start":{"line":45,"column":2},"end":{"line":45,"column":7}},"loc":{"start":{"line":45,"column":61},"end":{"line":47,"column":3}}},"5":{"name":"(anonymous_9)","decl":{"start":{"line":51,"column":2},"end":{"line":51,"column":7}},"loc":{"start":{"line":54,"column":42},"end":{"line":57,"column":3}}},"6":{"name":"(anonymous_10)","decl":{"start":{"line":61,"column":2},"end":{"line":61,"column":7}},"loc":{"start":{"line":61,"column":54},"end":{"line":64,"column":3}}}},"branchMap":{},"s":{"0":0,"1":0,"2":0,"3":0,"4":0,"5":0,"6":0,"7":0,"8":0,"9":0,"10":0,"11":0,"12":0,"13":0,"14":0,"15":0,"16":0,"17":0,"18":0,"19":0,"20":0,"21":0,"22":0},"f":{"0":0,"1":0,"2":0,"3":0,"4":0,"5":0,"6":0},"b":{}}
,"D:\\MyCodes\\myFlower\\src\\modules\\plants\\plants.service.ts": {"path":"D:\\MyCodes\\myFlower\\src\\modules\\plants\\plants.service.ts","statementMap":{"0":{"start":{"line":1,"column":0},"end":{"line":1,"column":null}},"1":{"start":{"line":6,"column":0},"end":{"line":6,"column":51}},"2":{"start":{"line":7,"column":0},"end":{"line":7,"column":37}},"3":{"start":{"line":10,"column":0},"end":{"line":10,"column":54}},"4":{"start":{"line":13,"column":7},"end":{"line":174,"column":null}},"5":{"start":{"line":16,"column":12},"end":{"line":16,"column":30}},"6":{"start":{"line":24,"column":6},"end":{"line":24,"column":20}},"7":{"start":{"line":26,"column":26},"end":{"line":28,"column":6}},"8":{"start":{"line":30,"column":4},"end":{"line":32,"column":5}},"9":{"start":{"line":31,"column":6},"end":{"line":31,"column":66}},"10":{"start":{"line":34,"column":18},"end":{"line":45,"column":6}},"11":{"start":{"line":47,"column":4},"end":{"line":47,"column":51}},"12":{"start":{"line":51,"column":4},"end":{"line":54,"column":7}},"13":{"start":{"line":58,"column":18},"end":{"line":61,"column":6}},"14":{"start":{"line":63,"column":4},"end":{"line":65,"column":5}},"15":{"start":{"line":64,"column":6},"end":{"line":64,"column":53}},"16":{"start":{"line":67,"column":4},"end":{"line":67,"column":17}},"17":{"start":{"line":71,"column":4},"end":{"line":73,"column":7}},"18":{"start":{"line":81,"column":18},"end":{"line":81,"column":48}},"19":{"start":{"line":84,"column":4},"end":{"line":92,"column":5}},"20":{"start":{"line":85,"column":28},"end":{"line":87,"column":8}},"21":{"start":{"line":89,"column":6},"end":{"line":91,"column":7}},"22":{"start":{"line":90,"column":8},"end":{"line":90,"column":68}},"23":{"start":{"line":94,"column":4},"end":{"line":94,"column":41}},"24":{"start":{"line":95,"column":4},"end":{"line":95,"column":51}},"25":{"start":{"line":99,"column":18},"end":{"line":99,"column":48}},"26":{"start":{"line":100,"column":4},"end":{"line":100,"column":46}},"27":{"start":{"line":104,"column":18},"end":{"line":104,"column":53}},"28":{"start":{"line":107,"column":25},"end":{"line":107,"column":35}},"29":{"start":{"line":108,"column":4},"end":{"line":108,"column":53}},"30":{"start":{"line":110,"column":21},"end":{"line":116,"column":15}},"31":{"start":{"line":118,"column":4},"end":{"line":128,"column":5}},"32":{"start":{"line":119,"column":6},"end":{"line":127,"column":8}},"33":{"start":{"line":130,"column":27},"end":{"line":130,"column":50}},"34":{"start":{"line":133,"column":25},"end":{"line":133,"column":73}},"35":{"start":{"line":133,"column":51},"end":{"line":133,"column":72}},"36":{"start":{"line":134,"column":22},"end":{"line":134,"column":67}},"37":{"start":{"line":134,"column":48},"end":{"line":134,"column":66}},"38":{"start":{"line":135,"column":19},"end":{"line":135,"column":61}},"39":{"start":{"line":135,"column":45},"end":{"line":135,"column":60}},"40":{"start":{"line":137,"column":23},"end":{"line":158,"column":6}},"41":{"start":{"line":160,"column":4},"end":{"line":167,"column":6}},"42":{"start":{"line":171,"column":16},"end":{"line":171,"column":58}},"43":{"start":{"line":171,"column":45},"end":{"line":171,"column":54}},"44":{"start":{"line":172,"column":4},"end":{"line":172,"column":58}},"45":{"start":{"line":13,"column":13},"end":{"line":13,"column":26}},"46":{"start":{"line":13,"column":13},"end":{"line":174,"column":null}}},"fnMap":{"0":{"name":"(anonymous_4)","decl":{"start":{"line":14,"column":2},"end":{"line":14,"column":null}},"loc":{"start":{"line":16,"column":53},"end":{"line":17,"column":6}}},"1":{"name":"(anonymous_5)","decl":{"start":{"line":19,"column":2},"end":{"line":19,"column":7}},"loc":{"start":{"line":21,"column":34},"end":{"line":48,"column":3}}},"2":{"name":"(anonymous_6)","decl":{"start":{"line":50,"column":2},"end":{"line":50,"column":7}},"loc":{"start":{"line":50,"column":30},"end":{"line":55,"column":3}}},"3":{"name":"(anonymous_7)","decl":{"start":{"line":57,"column":2},"end":{"line":57,"column":7}},"loc":{"start":{"line":57,"column":42},"end":{"line":68,"column":3}}},"4":{"name":"(anonymous_8)","decl":{"start":{"line":70,"column":2},"end":{"line":70,"column":7}},"loc":{"start":{"line":70,"column":39},"end":{"line":74,"column":3}}},"5":{"name":"(anonymous_9)","decl":{"start":{"line":76,"column":2},"end":{"line":76,"column":7}},"loc":{"start":{"line":79,"column":34},"end":{"line":96,"column":3}}},"6":{"name":"(anonymous_10)","decl":{"start":{"line":98,"column":2},"end":{"line":98,"column":7}},"loc":{"start":{"line":98,"column":41},"end":{"line":101,"column":3}}},"7":{"name":"(anonymous_11)","decl":{"start":{"line":103,"column":2},"end":{"line":103,"column":7}},"loc":{"start":{"line":103,"column":58},"end":{"line":168,"column":3}}},"8":{"name":"(anonymous_12)","decl":{"start":{"line":133,"column":44},"end":{"line":133,"column":45}},"loc":{"start":{"line":133,"column":51},"end":{"line":133,"column":72}}},"9":{"name":"(anonymous_13)","decl":{"start":{"line":134,"column":41},"end":{"line":134,"column":42}},"loc":{"start":{"line":134,"column":48},"end":{"line":134,"column":66}}},"10":{"name":"(anonymous_14)","decl":{"start":{"line":135,"column":38},"end":{"line":135,"column":39}},"loc":{"start":{"line":135,"column":45},"end":{"line":135,"column":60}}},"11":{"name":"(anonymous_15)","decl":{"start":{"line":170,"column":10},"end":{"line":170,"column":26}},"loc":{"start":{"line":170,"column":44},"end":{"line":173,"column":3}}},"12":{"name":"(anonymous_16)","decl":{"start":{"line":171,"column":31},"end":{"line":171,"column":32}},"loc":{"start":{"line":171,"column":45},"end":{"line":171,"column":54}}}},"branchMap":{"0":{"loc":{"start":{"line":30,"column":4},"end":{"line":32,"column":5}},"type":"if","locations":[{"start":{"line":30,"column":4},"end":{"line":32,"column":5}}]},"1":{"loc":{"start":{"line":63,"column":4},"end":{"line":65,"column":5}},"type":"if","locations":[{"start":{"line":63,"column":4},"end":{"line":65,"column":5}}]},"2":{"loc":{"start":{"line":84,"column":4},"end":{"line":92,"column":5}},"type":"if","locations":[{"start":{"line":84,"column":4},"end":{"line":92,"column":5}}]},"3":{"loc":{"start":{"line":84,"column":8},"end":{"line":84,"column":77}},"type":"binary-expr","locations":[{"start":{"line":84,"column":8},"end":{"line":84,"column":31}},{"start":{"line":84,"column":35},"end":{"line":84,"column":77}}]},"4":{"loc":{"start":{"line":89,"column":6},"end":{"line":91,"column":7}},"type":"if","locations":[{"start":{"line":89,"column":6},"end":{"line":91,"column":7}}]},"5":{"loc":{"start":{"line":118,"column":4},"end":{"line":128,"column":5}},"type":"if","locations":[{"start":{"line":118,"column":4},"end":{"line":128,"column":5}}]},"6":{"loc":{"start":{"line":118,"column":8},"end":{"line":118,"column":52}},"type":"binary-expr","locations":[{"start":{"line":118,"column":8},"end":{"line":118,"column":17}},{"start":{"line":118,"column":21},"end":{"line":118,"column":52}}]}},"s":{"0":4,"1":4,"2":4,"3":4,"4":4,"5":6,"6":2,"7":2,"8":2,"9":1,"10":1,"11":1,"12":1,"13":3,"14":3,"15":1,"16":2,"17":0,"18":0,"19":0,"20":0,"21":0,"22":0,"23":0,"24":0,"25":1,"26":1,"27":0,"28":0,"29":0,"30":0,"31":0,"32":0,"33":0,"34":0,"35":0,"36":0,"37":0,"38":0,"39":0,"40":0,"41":0,"42":0,"43":0,"44":0,"45":4,"46":4},"f":{"0":6,"1":2,"2":1,"3":3,"4":0,"5":0,"6":1,"7":0,"8":0,"9":0,"10":0,"11":0,"12":0},"b":{"0":[1],"1":[1],"2":[0],"3":[0,0],"4":[0],"5":[0],"6":[0,0]}}
,"D:\\MyCodes\\myFlower\\src\\modules\\plants\\dto\\create-plant.dto.ts": {"path":"D:\\MyCodes\\myFlower\\src\\modules\\plants\\dto\\create-plant.dto.ts","statementMap":{"0":{"start":{"line":1,"column":0},"end":{"line":1,"column":69}},"1":{"start":{"line":2,"column":0},"end":{"line":2,"column":46}},"2":{"start":{"line":4,"column":0},"end":{"line":4,"column":13}},"3":{"start":{"line":7,"column":2},"end":{"line":7,"column":null}},"4":{"start":{"line":11,"column":2},"end":{"line":11,"column":null}},"5":{"start":{"line":16,"column":2},"end":{"line":16,"column":null}},"6":{"start":{"line":19,"column":2},"end":{"line":19,"column":null}},"7":{"start":{"line":24,"column":2},"end":{"line":24,"column":null}},"8":{"start":{"line":28,"column":2},"end":{"line":28,"column":null}},"9":{"start":{"line":32,"column":2},"end":{"line":32,"column":null}}},"fnMap":{},"branchMap":{},"s":{"0":0,"1":0,"2":0,"3":0,"4":0,"5":0,"6":0,"7":0,"8":0,"9":0},"f":{},"b":{}}
,"D:\\MyCodes\\myFlower\\src\\modules\\plants\\dto\\update-plant.dto.ts": {"path":"D:\\MyCodes\\myFlower\\src\\modules\\plants\\dto\\update-plant.dto.ts","statementMap":{"0":{"start":{"line":1,"column":0},"end":{"line":1,"column":46}},"1":{"start":{"line":2,"column":0},"end":{"line":2,"column":52}},"2":{"start":{"line":4,"column":0},"end":{"line":4,"column":13}}},"fnMap":{},"branchMap":{},"s":{"0":0,"1":0,"2":0},"f":{},"b":{}}
[...]
line":28,"column":5}},"10":{"start":{"line":25,"column":6},"end":{"line":27,"column":8}},"11":{"start":{"line":30,"column":26},"end":{"line":36,"column":6}},"12":{"start":{"line":38,"column":4},"end":{"line":38,"column":67}},"13":{"start":{"line":47,"column":4},"end":{"line":47,"column":54}},"14":{"start":{"line":49,"column":4},"end":{"line":53,"column":7}},"15":{"start":{"line":63,"column":4},"end":{"line":63,"column":54}},"16":{"start":{"line":65,"column":4},"end":{"line":71,"column":7}},"17":{"start":{"line":76,"column":4},"end":{"line":76,"column":54}},"18":{"start":{"line":78,"column":22},"end":{"line":78,"column":32}},"19":{"start":{"line":79,"column":4},"end":{"line":79,"column":50}},"20":{"start":{"line":81,"column":21},"end":{"line":98,"column":19}},"21":{"start":{"line":100,"column":4},"end":{"line":118,"column":8}},"22":{"start":{"line":100,"column":38},"end":{"line":118,"column":6}},"23":{"start":{"line":126,"column":4},"end":{"line":126,"column":54}},"24":{"start":{"line":128,"column":20},"end":{"line":131,"column":6}},"25":{"start":{"line":133,"column":4},"end":{"line":135,"column":5}},"26":{"start":{"line":134,"column":6},"end":{"line":134,"column":77}},"27":{"start":{"line":137,"column":4},"end":{"line":137,"column":19}},"28":{"start":{"line":9,"column":13},"end":{"line":9,"column":34}},"29":{"start":{"line":9,"column":13},"end":{"line":139,"column":null}}},"fnMap":{"0":{"name":"(anonymous_4)","decl":{"start":{"line":10,"column":2},"end":{"line":10,"column":null}},"loc":{"start":{"line":13,"column":40},"end":{"line":14,"column":6}}},"1":{"name":"(anonymous_5)","decl":{"start":{"line":16,"column":2},"end":{"line":16,"column":7}},"loc":{"start":{"line":17,"column":50},"end":{"line":39,"column":3}}},"2":{"name":"(anonymous_6)","decl":{"start":{"line":41,"column":2},"end":{"line":41,"column":7}},"loc":{"start":{"line":44,"column":23},"end":{"line":54,"column":3}}},"3":{"name":"(anonymous_7)","decl":{"start":{"line":56,"column":2},"end":{"line":56,"column":7}},"loc":{"start":{"line":60,"column":17},"end":{"line":72,"column":3}}},"4":{"name":"(anonymous_8)","decl":{"start":{"line":74,"column":2},"end":{"line":74,"column":7}},"loc":{"start":{"line":74,"column":76},"end":{"line":119,"column":3}}},"5":{"name":"(anonymous_9)","decl":{"start":{"line":100,"column":24},"end":{"line":100,"column":25}},"loc":{"start":{"line":100,"column":38},"end":{"line":118,"column":6}}},"6":{"name":"(anonymous_10)","decl":{"start":{"line":121,"column":2},"end":{"line":121,"column":7}},"loc":{"start":{"line":123,"column":18},"end":{"line":138,"column":3}}}},"branchMap":{"0":{"loc":{"start":{"line":24,"column":4},"end":{"line":28,"column":5}},"type":"if","locations":[{"start":{"line":24,"column":4},"end":{"line":28,"column":5}}]},"1":{"loc":{"start":{"line":44,"column":4},"end":{"line":44,"column":23}},"type":"default-arg","locations":[{"start":{"line":44,"column":20},"end":{"line":44,"column":23}}]},"2":{"loc":{"start":{"line":74,"column":60},"end":{"line":74,"column":76}},"type":"default-arg","locations":[{"start":{"line":74,"column":75},"end":{"line":74,"column":76}}]},"3":{"loc":{"start":{"line":133,"column":4},"end":{"line":135,"column":5}},"type":"if","locations":[{"start":{"line":133,"column":4},"end":{"line":135,"column":5}}]}},"s":{"0":2,"1":2,"2":2,"3":2,"4":2,"5":2,"6":5,"7":5,"8":2,"9":2,"10":1,"11":1,"12":1,"13":0,"14":0,"15":0,"16":0,"17":1,"18":1,"19":1,"20":1,"21":1,"22":1,"23":2,"24":2,"25":2,"26":1,"27":1,"28":2,"29":2},"f":{"0":5,"1":2,"2":0,"3":0,"4":1,"5":1,"6":2},"b":{"0":[1],"1":[0],"2":[0],"3":[1]}}
,"D:\\MyCodes\\myFlower\\src\\modules\\sensor-readings\\dto\\create-sensor-reading.dto.ts": {"path":"D:\\MyCodes\\myFlower\\src\\modules\\sensor-readings\\dto\\create-sensor-reading.dto.ts","statementMap":{"0":{"start":{"line":1,"column":0},"end":{"line":1,"column":67}},"1":{"start":{"line":2,"column":0},"end":{"line":2,"column":46}},"2":{"start":{"line":4,"column":0},"end":{"line":4,"column":13}},"3":{"start":{"line":7,"column":2},"end":{"line":7,"column":null}},"4":{"start":{"line":11,"column":2},"end":{"line":11,"column":null}},"5":{"start":{"line":15,"column":2},"end":{"line":15,"column":null}},"6":{"start":{"line":19,"column":2},"end":{"line":19,"column":null}},"7":{"start":{"line":23,"column":2},"end":{"line":23,"column":null}}},"fnMap":{},"branchMap":{},"s":{"0":0,"1":0,"2":0,"3":0,"4":0,"5":0,"6":0,"7":0},"f":{},"b":{}}
,"D:\\MyCodes\\myFlower\\src\\modules\\sensor-readings\\dto\\update-sensor-reading.dto.ts": {"path":"D:\\MyCodes\\myFlower\\src\\modules\\sensor-readings\\dto\\update-sensor-reading.dto.ts","statementMap":{"0":{"start":{"line":1,"column":0},"end":{"line":1,"column":46}},"1":{"start":{"line":2,"column":0},"end":{"line":2,"column":69}},"2":{"start":{"line":4,"column":0},"end":{"line":4,"column":13}}},"fnMap":{},"branchMap":{},"s":{"0":0,"1":0,"2":0},"f":{},"b":{}}
,"D:\\MyCodes\\myFlower\\src\\modules\\user-actions\\user-actions.controller.ts": {"path":"D:\\MyCodes\\myFlower\\src\\modules\\user-actions\\user-actions.controller.ts","statementMap":{"0":{"start":{"line":1,"column":0},"end":{"line":1,"column":null}},"1":{"start":{"line":10,"column":0},"end":{"line":10,"column":71}},"2":{"start":{"line":11,"column":0},"end":{"line":11,"column":60}},"3":{"start":{"line":12,"column":0},"end":{"line":12,"column":67}},"4":{"start":{"line":13,"column":0},"end":{"line":13,"column":64}},"5":{"start":{"line":19,"column":7},"end":{"line":72,"column":null}},"6":{"start":{"line":20,"column":22},"end":{"line":20,"column":42}},"7":{"start":{"line":29,"column":4},"end":{"line":33,"column":6}},"8":{"start":{"line":39,"column":4},"end":{"line":42,"column":6}},"9":{"start":{"line":52,"column":4},"end":{"line":56,"column":6}},"10":{"start":{"line":66,"column":4},"end":{"line":70,"column":6}},"11":{"start":{"line":19,"column":13},"end":{"line":19,"column":34}},"12":{"start":{"line":24,"column":8},"end":{"line":34,"column":null}},"13":{"start":{"line":38,"column":8},"end":{"line":43,"column":null}},"14":{"start":{"line":47,"column":8},"end":{"line":57,"column":null}},"15":{"start":{"line":61,"column":8},"end":{"line":71,"column":null}},"16":{"start":{"line":19,"column":13},"end":{"line":72,"column":null}}},"fnMap":{"0":{"name":"(anonymous_4)","decl":{"start":{"line":20,"column":2},"end":{"line":20,"column":22}},"loc":{"start":{"line":20,"column":60},"end":{"line":20,"column":64}}},"1":{"name":"(anonymous_5)","decl":{"start":{"line":24,"column":2},"end":{"line":24,"column":7}},"loc":{"start":{"line":27,"column":52},"end":{"line":34,"column":3}}},"2":{"name":"(anonymous_6)","decl":{"start":{"line":38,"column":2},"end":{"line":38,"column":7}},"loc":{"start":{"line":38,"column":71},"end":{"line":43,"column":3}}},"3":{"name":"(anonymous_7)","decl":{"start":{"line":47,"column":2},"end":{"line":47,"column":7}},"loc":{"start":{"line":50,"column":32},"end":{"line":57,"column":3}}},"4":{"name":"(anonymous_8)","decl":{"start":{"line":61,"column":2},"end":{"line":61,"column":7}},"loc":{"start":{"line":64,"column":43},"end":{"line":71,"column":3}}}},"branchMap":{},"s":{"0":0,"1":0,"2":0,"3":0,"4":0,"5":0,"6":0,"7":0,"8":0,"9":0,"10":0,"11":0,"12":0,"13":0,"14":0,"15":0,"16":0},"f":{"0":0,"1":0,"2":0,"3":0,"4":0},"b":{}}
,"D:\\MyCodes\\myFlower\\src\\modules\\user-actions\\user-actions.service.ts": {"path":"D:\\MyCodes\\myFlower\\src\\modules\\user-actions\\user-actions.service.ts","statementMap":{"0":{"start":{"line":1,"column":0},"end":{"line":1,"column":44}},"1":{"start":{"line":2,"column":0},"end":{"line":2,"column":51}},"2":{"start":{"line":3,"column":0},"end":{"line":3,"column":47}},"3":{"start":{"line":5,"column":0},"end":{"line":5,"column":57}},"4":{"start":{"line":6,"column":0},"end":{"line":6,"column":65}},"5":{"start":{"line":9,"column":7},"end":{"line":78,"column":null}},"6":{"start":{"line":12,"column":12},"end":{"line":12,"column":35}},"7":{"start":{"line":13,"column":12},"end":{"line":13,"column":27}},"8":{"start":{"line":22,"column":4},"end":{"line":22,"column":54}},"9":{"start":{"line":24,"column":23},"end":{"line":29,"column":6}},"10":{"start":{"line":31,"column":4},"end":{"line":31,"column":61}},"11":{"start":{"line":39,"column":22},"end":{"line":39,"column":32}},"12":{"start":{"line":40,"column":4},"end":{"line":40,"column":50}},"13":{"start":{"line":42,"column":4},"end":{"line":49,"column":7}},"14":{"start":{"line":57,"column":4},"end":{"line":57,"column":54}},"15":{"start":{"line":59,"column":4},"end":{"line":62,"column":7}},"16":{"start":{"line":71,"column":4},"end":{"line":71,"column":54}},"17":{"start":{"line":73,"column":4},"end":{"line":76,"column":7}},"18":{"start":{"line":9,"column":13},"end":{"line":9,"column":31}},"19":{"start":{"line":9,"column":13},"end":{"line":78,"column":null}}},"fnMap":{"0":{"name":"(anonymous_4)","decl":{"start":{"line":10,"column":2},"end":{"line":10,"column":null}},"loc":{"start":{"line":13,"column":40},"end":{"line":14,"column":6}}},"1":{"name":"(anonymous_5)","decl":{"start":{"line":16,"column":2},"end":{"line":16,"column":7}},"loc":{"start":{"line":19,"column":44},"end":{"line":32,"column":3}}},"2":{"name":"(anonymous_6)","decl":{"start":{"line":34,"column":2},"end":{"line":34,"column":7}},"loc":{"start":{"line":37,"column":21},"end":{"line":50,"column":3}}},"3":{"name":"(anonymous_7)","decl":{"start":{"line":52,"column":2},"end":{"line":52,"column":7}},"loc":{"start":{"line":54,"column":18},"end":{"line":63,"column":3}}},"4":{"name":"(anonymous_8)","decl":{"start":{"line":65,"column":2},"end":{"line":65,"column":7}},"loc":{"start":{"line":68,"column":22},"end":{"line":77,"column":3}}}},"branchMap":{"0":{"loc":{"start":{"line":37,"column":4},"end":{"line":37,"column":21}},"type":"default-arg","locations":[{"start":{"line":37,"column":19},"end":{"line":37,"column":21}}]}},"s":{"0":2,"1":2,"2":2,"3":2,"4":2,"5":2,"6":2,"7":2,"8":1,"9":1,"10":1,"11":1,"12":1,"13":1,"14":0,"15":0,"16":0,"17":0,"18":2,"19":2},"f":{"0":2,"1":1,"2":1,"3":0,"4":0},"b":{"0":[0]}}
,"D:\\MyCodes\\myFlower\\src\\modules\\user-actions\\dto\\create-user-action.dto.ts": {"path":"D:\\MyCodes\\myFlower\\src\\modules\\user-actions\\dto\\create-user-action.dto.ts","statementMap":{"0":{"start":{"line":1,"column":0},"end":{"line":1,"column":77}},"1":{"start":{"line":2,"column":0},"end":{"line":2,"column":46}},"2":{"start":{"line":3,"column":0},"end":{"line":3,"column":55}},"3":{"start":{"line":5,"column":0},"end":{"line":5,"column":13}},"4":{"start":{"line":8,"column":2},"end":{"line":8,"column":null}},"5":{"start":{"line":13,"column":2},"end":{"line":13,"column":null}},"6":{"start":{"line":17,"column":2},"end":{"line":17,"column":null}}},"fnMap":{},"branchMap":{},"s":{"0":0,"1":0,"2":0,"3":0,"4":0,"5":0,"6":0},"f":{},"b":{}}
,"D:\\MyCodes\\myFlower\\src\\modules\\user-actions\\dto\\update-user-action.dto.ts": {"path":"D:\\MyCodes\\myFlower\\src\\modules\\user-actions\\dto\\update-user-action.dto.ts","statementMap":{"0":{"start":{"line":1,"column":0},"end":{"line":1,"column":46}},"1":{"start":{"line":2,"column":0},"end":{"line":2,"column":63}},"2":{"start":{"line":4,"column":0},"end":{"line":4,"column":13}}},"fnMap":{},"branchMap":{},"s":{"0":0,"1":0,"2":0},"f":{},"b":{}}
,"D:\\MyCodes\\myFlower\\src\\modules\\user-actions\\enum\\user-actions.enum.ts": {"path":"D:\\MyCodes\\myFlower\\src\\modules\\user-actions\\enum\\user-actions.enum.ts","statementMap":{"0":{"start":{"line":2,"column":0},"end":{"line":2,"column":null}},"1":{"start":{"line":3,"column":2},"end":{"line":3,"column":null}},"2":{"start":{"line":4,"column":2},"end":{"line":4,"column":null}},"3":{"start":{"line":5,"column":2},"end":{"line":5,"column":null}},"4":{"start":{"line":6,"column":2},"end":{"line":6,"column":null}},"5":{"start":{"line":7,"column":2},"end":{"line":7,"column":null}},"6":{"start":{"line":8,"column":2},"end":{"line":8,"column":null}},"7":{"start":{"line":9,"column":2},"end":{"line":9,"column":null}}},"fnMap":{"0":{"name":"(anonymous_0)","decl":{"start":{"line":2,"column":0},"end":{"line":2,"column":12}},"loc":{"start":{"line":2,"column":22},"end":{"line":10,"column":1}}}},"branchMap":{"0":{"loc":{"start":{"line":2,"column":12},"end":{"line":2,"column":null}},"type":"binary-expr","locations":[{"start":{"line":2,"column":12},"end":{"line":2,"column":22}},{"start":{"line":2,"column":22},"end":{"line":2,"column":null}}]}},"s":{"0":2,"1":2,"2":2,"3":2,"4":2,"5":2,"6":2,"7":2},"f":{"0":2},"b":{"0":[2,2]}}
,"D:\\MyCodes\\myFlower\\src\\modules\\users\\user.controller.ts": {"path":"D:\\MyCodes\\myFlower\\src\\modules\\users\\user.controller.ts","statementMap":{"0":{"start":{"line":1,"column":0},"end":{"line":1,"column":null}},"1":{"start":{"line":10,"column":0},"end":{"line":10,"column":45}},"2":{"start":{"line":11,"column":0},"end":{"line":11,"column":54}},"3":{"start":{"line":12,"column":0},"end":{"line":12,"column":54}},"4":{"start":{"line":15,"column":7},"end":{"line":42,"column":null}},"5":{"start":{"line":16,"column":31},"end":{"line":16,"column":44}},"6":{"start":{"line":20,"column":4},"end":{"line":20,"column":50}},"7":{"start":{"line":25,"column":4},"end":{"line":25,"column":38}},"8":{"start":{"line":30,"column":4},"end":{"line":30,"column":41}},"9":{"start":{"line":35,"column":4},"end":{"line":35,"column":55}},"10":{"start":{"line":40,"column":4},"end":{"line":40,"column":40}},"11":{"start":{"line":15,"column":13},"end":{"line":15,"column":27}},"12":{"start":{"line":19,"column":2},"end":{"line":21,"column":null}},"13":{"start":{"line":24,"column":2},"end":{"line":26,"column":null}},"14":{"start":{"line":29,"column":2},"end":{"line":31,"column":null}},"15":{"start":{"line":34,"column":2},"end":{"line":36,"column":null}},"16":{"start":{"line":39,"column":2},"end":{"line":41,"column":null}},"17":{"start":{"line":15,"column":13},"end":{"line":42,"column":null}}},"fnMap":{"0":{"name":"(anonymous_4)","decl":{"start":{"line":16,"column":2},"end":{"line":16,"column":31}},"loc":{"start":{"line":16,"column":55},"end":{"line":16,"column":59}}},"1":{"name":"(anonymous_5)","decl":{"start":{"line":19,"column":2},"end":{"line":19,"column":8}},"loc":{"start":{"line":19,"column":45},"end":{"line":21,"column":3}}},"2":{"name":"(anonymous_6)","decl":{"start":{"line":24,"column":2},"end":{"line":24,"column":9}},"loc":{"start":{"line":24,"column":9},"end":{"line":26,"column":3}}},"3":{"name":"(anonymous_7)","decl":{"start":{"line":29,"column":2},"end":{"line":29,"column":9}},"loc":{"start":{"line":29,"column":33},"end":{"line":31,"column":3}}},"4":{"name":"(anonymous_8)","decl":{"start":{"line":34,"column":2},"end":{"line":34,"column":8}},"loc":{"start":{"line":34,"column":70},"end":{"line":36,"column":3}}},"5":{"name":"(anonymous_9)","decl":{"start":{"line":39,"column":2},"end":{"line":39,"column":8}},"loc":{"start":{"line":39,"column":32},"end":{"line":41,"column":3}}}},"branchMap":{},"s":{"0":0,"1":0,"2":0,"3":0,"4":0,"5":0,"6":0,"7":0,"8":0,"9":0,"10":0,"11":0,"12":0,"13":0,"14":0,"15":0,"16":0,"17":0},"f":{"0":0,"1":0,"2":0,"3":0,"4":0,"5":0},"b":{}}
,"D:\\MyCodes\\myFlower\\src\\modules\\users\\user.service.ts": {"path":"D:\\MyCodes\\myFlower\\src\\modules\\users\\user.service.ts","statementMap":{"0":{"start":{"line":1,"column":0},"end":{"line":1,"column":44}},"1":{"start":{"line":4,"column":0},"end":{"line":4,"column":51}},"2":{"start":{"line":5,"column":0},"end":{"line":5,"column":52}},"3":{"start":{"line":6,"column":0},"end":{"line":6,"column":37}},"4":{"start":{"line":10,"column":7},"end":{"line":52,"column":null}},"5":{"start":{"line":13,"column":12},"end":{"line":13,"column":28}},"6":{"start":{"line":17,"column":49},"end":{"line":17,"column":56}},"7":{"start":{"line":18,"column":17},"end":{"line":23,"column":6}},"8":{"start":{"line":25,"column":4},"end":{"line":25,"column":41}},"9":{"start":{"line":26,"column":4},"end":{"line":26,"column":null}},"10":{"start":{"line":27,"column":4},"end":{"line":27,"column":16}},"11":{"start":{"line":31,"column":4},"end":{"line":31,"column":67}},"12":{"start":{"line":34,"column":4},"end":{"line":34,"column":55}},"13":{"start":{"line":38,"column":4},"end":{"line":38,"column":42}},"14":{"start":{"line":42,"column":4},"end":{"line":42,"column":47}},"15":{"start":{"line":46,"column":4},"end":{"line":46,"column":47}},"16":{"start":{"line":50,"column":4},"end":{"line":50,"column":47}},"17":{"start":{"line":10,"column":13},"end":{"line":10,"column":24}},"18":{"start":{"line":10,"column":13},"end":{"line":52,"column":null}}},"fnMap":{"0":{"name":"(anonymous_4)","decl":{"start":{"line":11,"column":2},"end":{"line":11,"column":null}},"loc":{"start":{"line":13,"column":50},"end":{"line":14,"column":6}}},"1":{"name":"(anonymous_5)","decl":{"start":{"line":16,"column":2},"end":{"line":16,"column":7}},"loc":{"start":{"line":16,"column":43},"end":{"line":28,"column":3}}},"2":{"name":"(anonymous_6)","decl":{"start":{"line":30,"column":2},"end":{"line":30,"column":7}},"loc":{"start":{"line":30,"column":33},"end":{"line":32,"column":3}}},"3":{"name":"(anonymous_7)","decl":{"start":{"line":33,"column":2},"end":{"line":33,"column":7}},"loc":{"start":{"line":33,"column":27},"end":{"line":35,"column":3}}},"4":{"name":"(anonymous_8)","decl":{"start":{"line":37,"column":2},"end":{"line":37,"column":9}},"loc":{"start":{"line":37,"column":9},"end":{"line":39,"column":3}}},"5":{"name":"(anonymous_9)","decl":{"start":{"line":41,"column":2},"end":{"line":41,"column":9}},"loc":{"start":{"line":41,"column":20},"end":{"line":43,"column":3}}},"6":{"name":"(anonymous_10)","decl":{"start":{"line":45,"column":2},"end":{"line":45,"column":8}},"loc":{"start":{"line":45,"column":49},"end":{"line":47,"column":3}}},"7":{"name":"(anonymous_11)","decl":{"start":{"line":49,"column":2},"end":{"line":49,"column":8}},"loc":{"start":{"line":49,"column":19},"end":{"line":51,"column":3}}}},"branchMap":{},"s":{"0":1,"1":1,"2":1,"3":1,"4":1,"5":0,"6":0,"7":0,"8":0,"9":0,"10":0,"11":0,"12":0,"13":0,"14":0,"15":0,"16":0,"17":1,"18":1},"f":{"0":0,"1":0,"2":0,"3":0,"4":0,"5":0,"6":0,"7":0},"b":{}}
,"D:\\MyCodes\\myFlower\\src\\modules\\users\\dto\\create-user.dto.ts": {"path":"D:\\MyCodes\\myFlower\\src\\modules\\users\\dto\\create-user.dto.ts","statementMap":{"0":{"start":{"line":1,"column":0},"end":{"line":1,"column":13}}},"fnMap":{},"branchMap":{},"s":{"0":0},"f":{},"b":{}}
,"D:\\MyCodes\\myFlower\\src\\modules\\users\\dto\\update-user.dto.ts": {"path":"D:\\MyCodes\\myFlower\\src\\modules\\users\\dto\\update-user.dto.ts","statementMap":{"0":{"start":{"line":1,"column":0},"end":{"line":1,"column":46}},"1":{"start":{"line":2,"column":0},"end":{"line":2,"column":50}},"2":{"start":{"line":4,"column":0},"end":{"line":4,"column":13}}},"fnMap":{},"branchMap":{},"s":{"0":0,"1":0,"2":0},"f":{},"b":{}}
,"D:\\MyCodes\\myFlower\\src\\utility\\function.utils.ts": {"path":"D:\\MyCodes\\myFlower\\src\\utility\\function.utils.ts","statementMap":{"0":{"start":{"line":1,"column":0},"end":{"line":1,"column":16}},"1":{"start":{"line":4,"column":0},"end":{"line":4,"column":16}},"2":{"start":{"line":2,"column":2},"end":{"line":2,"column":56}},"3":{"start":{"line":5,"column":2},"end":{"line":9,"column":14}}},"fnMap":{"0":{"name":"isBoolean","decl":{"start":{"line":1,"column":16},"end":{"line":1,"column":25}},"loc":{"start":{"line":1,"column":36},"end":{"line":3,"column":1}}},"1":{"name":"toBoolean","decl":{"start":{"line":4,"column":16},"end":{"line":4,"column":25}},"loc":{"start":{"line":4,"column":36},"end":{"line":10,"column":1}}}},"branchMap":{"0":{"loc":{"start":{"line":5,"column":9},"end":{"line":9,"column":13}},"type":"cond-expr","locations":[{"start":{"line":6,"column":6},"end":{"line":6,"column":10}},{"start":{"line":7,"column":6},"end":{"line":9,"column":13}}]},"1":{"loc":{"start":{"line":7,"column":6},"end":{"line":9,"column":13}},"type":"cond-expr","locations":[{"start":{"line":8,"column":8},"end":{"line":8,"column":13}},{"start":{"line":9,"column":8},"end":{"line":9,"column":13}}]}},"s":{"0":0,"1":0,"2":0,"3":0},"f":{"0":0,"1":0},"b":{"0":[0,0],"1":[0,0]}}
}
