TN:
SF:src\app.controller.ts
FN:6,(anonymous_2)
FN:9,(anonymous_3)
FNF:2
FNH:2
FNDA:1,(anonymous_2)
FNDA:1,(anonymous_3)
DA:1,1
DA:2,1
DA:5,1
DA:6,1
DA:9,1
DA:10,1
LF:6
LH:6
BRF:0
BRH:0
end_of_record
TN:
SF:src\app.service.ts
FN:5,(anonymous_1)
FNF:1
FNH:1
FNDA:1,(anonymous_1)
DA:1,1
DA:4,1
DA:6,1
LF:3
LH:3
BRF:0
BRH:0
end_of_record
TN:
SF:src\ormconfig.ts
FNF:0
FNH:0
DA:1,0
DA:2,0
DA:4,0
DA:6,0
LF:4
LH:0
BRDA:8,0,0,0
BRDA:8,0,1,0
BRDA:9,1,0,0
BRDA:9,1,1,0
BRDA:10,2,0,0
BRDA:10,2,1,0
BRDA:11,3,0,0
BRDA:11,3,1,0
BRDA:12,4,0,0
BRDA:12,4,1,0
BRF:10
BRH:0
end_of_record
TN:
SF:src\common\decorators\auth.decorator.ts
FN:5,UserAuth
FNF:1
FNH:0
FNDA:0,UserAuth
DA:1,0
DA:2,0
DA:3,0
DA:5,0
DA:6,0
LF:5
LH:0
BRF:0
BRH:0
end_of_record
TN:
SF:src\common\decorators\skip-auth.decorator.ts
FN:4,(anonymous_0)
FNF:1
FNH:0
FNDA:0,(anonymous_0)
DA:1,0
DA:3,0
DA:4,0
LF:3
LH:0
BRF:0
BRH:0
end_of_record
TN:
SF:src\common\enums\entity-name.enum.ts
FN:1,(anonymous_0)
FNF:1
FNH:1
FNDA:5,(anonymous_0)
DA:1,5
DA:2,5
DA:3,5
DA:4,5
DA:5,5
DA:6,5
LF:6
LH:6
BRDA:1,0,0,5
BRDA:1,0,1,5
BRF:2
BRH:2
end_of_record
TN:
SF:src\common\enums\form-type.enum.ts
FN:1,(anonymous_0)
FNF:1
FNH:0
FNDA:0,(anonymous_0)
DA:1,0
DA:2,0
DA:3,0
DA:4,0
LF:4
LH:0
BRDA:1,0,0,0
BRDA:1,0,1,0
BRF:2
BRH:0
end_of_record
TN:
SF:src\common\types\typeDefinitions\env.d.ts
FNF:0
FNH:0
LF:0
LH:0
BRF:0
BRH:0
end_of_record
TN:
SF:src\config\db.config.ts
FN:22,(anonymous_0)
FNF:1
FNH:0
FNDA:0,(anonymous_0)
DA:20,0
DA:22,0
DA:24,0
DA:38,0
DA:51,0
DA:52,0
LF:6
LH:0
BRDA:40,0,0,0
BRDA:40,0,1,0
BRDA:41,1,0,0
BRDA:41,1,1,0
BRDA:42,2,0,0
BRDA:42,2,1,0
BRDA:43,3,0,0
BRDA:43,3,1,0
BRDA:44,4,0,0
BRDA:44,4,1,0
BRF:10
BRH:0
end_of_record
TN:
SF:src\config\swagger.config.ts
FN:5,SwaggerConfigInit
FN:15,SwaggerAuthConfig
FNF:2
FNH:0
FNDA:0,SwaggerConfigInit
FNDA:0,SwaggerAuthConfig
DA:2,0
DA:5,0
DA:6,0
DA:12,0
DA:13,0
DA:16,0
LF:6
LH:0
BRF:0
BRH:0
end_of_record
TN:
SF:src\database\migrations\1731962400000-InitialSchema.ts
FN:6,(anonymous_0)
FN:103,(anonymous_1)
FNF:2
FNH:0
FNDA:0,(anonymous_0)
FNDA:0,(anonymous_1)
DA:3,0
DA:4,0
DA:8,0
DA:13,0
DA:18,0
DA:23,0
DA:26,0
DA:27,0
DA:33,0
DA:38,0
DA:41,0
DA:42,0
DA:47,0
DA:50,0
DA:51,0
DA:56,0
DA:59,0
DA:60,0
DA:65,0
DA:68,0
DA:69,0
DA:75,0
DA:78,0
DA:79,0
DA:84,0
DA:87,0
DA:88,0
DA:93,0
DA:96,0
DA:97,0
DA:104,0
DA:105,0
DA:106,0
DA:108,0
DA:111,0
DA:114,0
DA:117,0
DA:121,0
DA:122,0
DA:123,0
DA:124,0
DA:125,0
LF:42
LH:0
BRDA:26,0,0,0
BRDA:41,1,0,0
BRDA:50,2,0,0
BRDA:59,3,0,0
BRDA:68,4,0,0
BRDA:78,5,0,0
BRDA:87,6,0,0
BRDA:96,7,0,0
BRF:8
BRH:0
end_of_record
TN:
SF:src\database\seeds\seed.ts
FN:9,seed
FN:236,(anonymous_11)
FN:240,(anonymous_12)
FNF:3
FNH:0
FNDA:0,seed
FNDA:0,(anonymous_11)
FNDA:0,(anonymous_12)
DA:1,0
DA:2,0
DA:3,0
DA:4,0
DA:5,0
DA:6,0
DA:7,0
DA:10,0
DA:12,0
DA:15,0
DA:16,0
DA:17,0
DA:26,0
DA:27,0
DA:28,0
DA:30,0
DA:32,0
DA:33,0
DA:35,0
DA:37,0
DA:38,0
DA:40,0
DA:42,0
DA:43,0
DA:45,0
DA:48,0
DA:49,0
DA:51,0
DA:53,0
DA:60,0
DA:67,0
DA:70,0
DA:71,0
DA:73,0
DA:84,0
DA:95,0
DA:106,0
DA:109,0
DA:110,0
DA:112,0
DA:113,0
DA:116,0
DA:118,0
DA:119,0
DA:120,0
DA:121,0
DA:122,0
DA:123,0
DA:124,0
DA:125,0
DA:128,0
DA:129,0
DA:130,0
DA:133,0
DA:134,0
DA:137,0
DA:138,0
DA:142,0
DA:145,0
DA:147,0
DA:159,0
DA:160,0
DA:163,0
DA:164,0
DA:166,0
DA:221,0
DA:222,0
DA:224,0
DA:226,0
DA:227,0
DA:228,0
DA:229,0
DA:230,0
DA:231,0
DA:232,0
DA:235,0
DA:237,0
DA:238,0
DA:241,0
DA:242,0
LF:80
LH:0
BRDA:128,0,0,0
BRDA:128,0,1,0
BRDA:128,1,0,0
BRDA:128,1,1,0
BRDA:129,2,0,0
BRDA:129,2,1,0
BRDA:129,3,0,0
BRDA:129,3,1,0
BRDA:137,4,0,0
BRDA:137,4,1,0
BRDA:137,5,0,0
BRDA:137,5,1,0
BRDA:142,6,0,0
BRDA:142,6,1,0
BRDA:142,7,0,0
BRDA:142,7,1,0
BRF:16
BRH:0
end_of_record
TN:
SF:src\health\health.controller.ts
FN:12,(anonymous_2)
FN:20,(anonymous_3)
FN:22,(anonymous_4)
FNF:3
FNH:0
FNDA:0,(anonymous_2)
FNDA:0,(anonymous_3)
FNDA:0,(anonymous_4)
DA:1,0
DA:2,0
DA:3,0
DA:11,0
DA:13,0
DA:14,0
DA:20,0
DA:21,0
DA:22,0
LF:9
LH:0
BRF:0
BRH:0
end_of_record
TN:
SF:src\modules\advice\advice.controller.ts
FN:11,(anonymous_4)
FN:15,(anonymous_5)
FNF:2
FNH:0
FNDA:0,(anonymous_4)
FNDA:0,(anonymous_5)
DA:1,0
DA:2,0
DA:3,0
DA:4,0
DA:10,0
DA:11,0
DA:15,0
DA:16,0
LF:8
LH:0
BRF:0
BRH:0
end_of_record
TN:
SF:src\modules\advice\advice.service.ts
FN:33,(anonymous_2)
FN:39,(anonymous_3)
FN:96,(anonymous_4)
FN:97,(anonymous_5)
FN:98,(anonymous_6)
FN:114,(anonymous_7)
FN:130,(anonymous_8)
FN:136,(anonymous_9)
FN:137,(anonymous_10)
FN:198,(anonymous_11)
FN:298,(anonymous_12)
FN:319,(anonymous_13)
FN:339,(anonymous_14)
FN:368,(anonymous_15)
FN:385,(anonymous_16)
FN:414,(anonymous_17)
FN:415,(anonymous_18)
FNF:17
FNH:15
FNDA:5,(anonymous_2)
FNDA:5,(anonymous_3)
FNDA:20,(anonymous_4)
FNDA:20,(anonymous_5)
FNDA:20,(anonymous_6)
FNDA:28,(anonymous_7)
FNDA:4,(anonymous_8)
FNDA:3,(anonymous_9)
FNDA:3,(anonymous_10)
FNDA:4,(anonymous_11)
FNDA:4,(anonymous_12)
FNDA:2,(anonymous_13)
FNDA:2,(anonymous_14)
FNDA:2,(anonymous_15)
FNDA:4,(anonymous_16)
FNDA:0,(anonymous_17)
FNDA:0,(anonymous_18)
DA:1,1
DA:3,1
DA:4,1
DA:5,1
DA:9,1
DA:10,5
DA:34,5
DA:35,5
DA:36,5
DA:40,5
DA:41,5
DA:46,5
DA:47,1
DA:63,4
DA:64,4
DA:67,4
DA:74,4
DA:78,4
DA:81,4
DA:85,4
DA:88,4
DA:89,4
DA:92,4
DA:93,4
DA:96,20
DA:97,20
DA:98,20
DA:101,4
DA:102,2
DA:103,2
DA:104,0
DA:105,2
DA:106,0
DA:107,2
DA:108,2
DA:110,0
DA:114,28
DA:116,4
DA:131,4
DA:133,4
DA:135,1
DA:136,3
DA:137,3
DA:139,1
DA:143,1
DA:144,1
DA:145,1
DA:156,1
DA:157,1
DA:158,0
DA:168,1
DA:170,0
DA:171,0
DA:172,0
DA:183,1
DA:184,1
DA:185,0
DA:194,1
DA:199,4
DA:202,4
DA:203,4
DA:204,0
DA:211,4
DA:212,0
DA:219,4
DA:223,3
DA:233,4
DA:234,4
DA:235,1
DA:242,3
DA:243,0
DA:250,3
DA:254,3
DA:264,4
DA:265,4
DA:266,0
DA:273,4
DA:274,0
DA:281,4
DA:285,4
DA:294,4
DA:303,4
DA:306,4
DA:312,4
DA:313,4
DA:319,4
DA:320,4
DA:321,1
DA:326,1
DA:327,0
DA:338,4
DA:339,2
DA:341,4
DA:342,1
DA:347,1
DA:348,1
DA:356,3
DA:357,3
DA:367,4
DA:368,2
DA:370,4
DA:372,3
DA:381,4
DA:386,4
DA:390,4
DA:391,4
DA:392,1
DA:400,3
DA:401,0
DA:411,4
DA:415,0
DA:416,0
LF:112
LH:95
BRDA:46,0,0,1
BRDA:63,1,0,4
BRDA:63,1,1,0
BRDA:101,2,0,2
BRDA:101,2,1,2
BRDA:103,3,0,0
BRDA:103,3,1,2
BRDA:105,4,0,0
BRDA:105,4,1,2
BRDA:107,5,0,2
BRDA:107,5,1,0
BRDA:133,6,0,3
BRDA:139,7,0,0
BRDA:144,8,0,1
BRDA:157,9,0,0
BRDA:168,10,0,0
BRDA:171,11,0,0
BRDA:184,12,0,0
BRDA:184,13,0,1
BRDA:184,13,1,0
BRDA:203,14,0,0
BRDA:203,14,1,4
BRDA:211,15,0,0
BRDA:211,15,1,4
BRDA:219,16,0,3
BRDA:220,17,0,4
BRDA:220,17,1,3
BRDA:234,18,0,1
BRDA:234,18,1,3
BRDA:242,19,0,0
BRDA:242,19,1,3
BRDA:250,20,0,3
BRDA:251,21,0,3
BRDA:251,21,1,3
BRDA:265,22,0,0
BRDA:265,22,1,4
BRDA:273,23,0,0
BRDA:273,23,1,4
BRDA:281,24,0,4
BRDA:282,25,0,4
BRDA:282,25,1,4
BRDA:320,26,0,1
BRDA:326,27,0,0
BRDA:341,28,0,1
BRDA:341,28,1,3
BRDA:347,29,0,1
BRDA:356,30,0,3
BRDA:370,31,0,3
BRDA:370,32,0,4
BRDA:370,32,1,4
BRDA:391,33,0,1
BRDA:391,33,1,3
BRDA:400,34,0,0
BRF:53
BRH:36
end_of_record
TN:
SF:src\modules\advice\dto\create-advice.dto.ts
FNF:0
FNH:0
DA:1,0
LF:1
LH:0
BRF:0
BRH:0
end_of_record
TN:
SF:src\modules\advice\dto\update-advice.dto.ts
FNF:0
FNH:0
DA:1,0
DA:2,0
DA:4,0
LF:3
LH:0
BRF:0
BRH:0
end_of_record
TN:
SF:src\modules\auth\auth.controller.ts
FN:11,(anonymous_4)
FN:15,(anonymous_5)
FN:20,(anonymous_6)
FN:25,(anonymous_7)
FN:30,(anonymous_8)
FNF:5
FNH:0
FNDA:0,(anonymous_4)
FNDA:0,(anonymous_5)
FNDA:0,(anonymous_6)
FNDA:0,(anonymous_7)
FNDA:0,(anonymous_8)
DA:1,0
DA:2,0
DA:3,0
DA:4,0
DA:5,0
DA:6,0
DA:10,0
DA:11,0
DA:15,0
DA:16,0
DA:20,0
DA:21,0
DA:25,0
DA:30,0
LF:14
LH:0
BRF:0
BRH:0
end_of_record
TN:
SF:src\modules\auth\auth.service.ts
FN:22,(anonymous_11)
FN:29,(anonymous_12)
FN:56,(anonymous_13)
FN:97,(anonymous_14)
FN:106,(anonymous_15)
FN:120,(anonymous_16)
FNF:6
FNH:4
FNDA:5,(anonymous_11)
FNDA:2,(anonymous_12)
FNDA:3,(anonymous_13)
FNDA:0,(anonymous_14)
FNDA:1,(anonymous_15)
FNDA:0,(anonymous_16)
DA:1,1
DA:11,1
DA:15,1
DA:17,1
DA:21,1
DA:23,5
DA:24,5
DA:30,2
DA:32,2
DA:33,0
DA:34,2
DA:35,0
DA:37,2
DA:38,2
DA:39,2
DA:40,1
DA:48,1
DA:51,1
DA:57,3
DA:59,3
DA:60,0
DA:62,3
DA:63,0
DA:65,3
DA:67,3
DA:68,1
DA:70,2
DA:71,0
DA:74,2
DA:75,0
DA:78,2
DA:80,2
DA:81,1
DA:85,1
DA:88,1
DA:98,0
DA:99,0
DA:107,1
DA:111,1
DA:115,1
DA:121,0
DA:122,0
DA:125,0
DA:126,0
DA:127,0
DA:128,0
DA:130,0
DA:132,0
DA:134,0
LF:49
LH:32
BRDA:32,0,0,0
BRDA:34,1,0,0
BRDA:39,2,0,1
BRDA:39,2,1,1
BRDA:59,3,0,0
BRDA:62,4,0,0
BRDA:67,5,0,1
BRDA:70,6,0,0
BRDA:74,7,0,0
BRDA:80,8,0,1
BRDA:99,9,0,0
BRDA:125,10,0,0
BRDA:125,11,0,0
BRDA:125,11,1,0
BRDA:127,12,0,0
BRF:15
BRH:4
end_of_record
TN:
SF:src\modules\auth\dto\create-auth.dto.ts
FNF:0
FNH:0
DA:1,0
LF:1
LH:0
BRF:0
BRH:0
end_of_record
TN:
SF:src\modules\auth\dto\login.dto.ts
FNF:0
FNH:0
DA:1,0
DA:2,0
DA:4,0
DA:7,0
DA:11,0
LF:5
LH:0
BRF:0
BRH:0
end_of_record
TN:
SF:src\modules\auth\dto\otp.dto.ts
FNF:0
FNH:0
DA:1,0
DA:2,0
DA:4,0
DA:10,0
DA:13,0
DA:19,0
DA:23,0
LF:7
LH:0
BRF:0
BRH:0
end_of_record
TN:
SF:src\modules\auth\dto\register.dto.ts
FNF:0
FNH:0
DA:1,0
DA:8,0
DA:10,0
DA:16,0
DA:21,0
DA:26,0
DA:36,0
LF:7
LH:0
BRF:0
BRH:0
end_of_record
TN:
SF:src\modules\auth\dto\update-auth.dto.ts
FNF:0
FNH:0
DA:1,0
DA:2,0
DA:4,0
LF:3
LH:0
BRF:0
BRH:0
end_of_record
TN:
SF:src\modules\auth\guards\auth.guard.ts
FN:15,(anonymous_2)
FN:19,(anonymous_3)
FN:31,(anonymous_4)
FNF:3
FNH:0
FNDA:0,(anonymous_2)
FNDA:0,(anonymous_3)
FNDA:0,(anonymous_4)
DA:1,0
DA:7,0
DA:9,0
DA:10,0
DA:11,0
DA:14,0
DA:16,0
DA:17,0
DA:20,0
DA:24,0
DA:25,0
DA:26,0
DA:27,0
DA:28,0
DA:29,0
DA:32,0
DA:33,0
DA:34,0
DA:36,0
DA:37,0
DA:38,0
DA:39,0
LF:22
LH:0
BRDA:24,0,0,0
BRDA:33,1,0,0
BRDA:33,2,0,0
BRDA:33,2,1,0
BRDA:37,3,0,0
BRDA:37,4,0,0
BRDA:37,4,1,0
BRDA:37,4,2,0
BRF:8
BRH:0
end_of_record
TN:
SF:src\modules\flower\flower.controller.ts
FN:14,(anonymous_4)
FN:17,(anonymous_5)
FNF:2
FNH:0
FNDA:0,(anonymous_4)
FNDA:0,(anonymous_5)
DA:1,0
DA:10,0
DA:13,0
DA:14,0
DA:17,0
DA:18,0
LF:6
LH:0
BRF:0
BRH:0
end_of_record
TN:
SF:src\modules\flower\flower.service.ts
FN:7,(anonymous_2)
FN:9,(anonymous_3)
FNF:2
FNH:0
FNDA:0,(anonymous_2)
FNDA:0,(anonymous_3)
DA:1,0
DA:6,0
DA:10,0
DA:11,0
LF:4
LH:0
BRF:0
BRH:0
end_of_record
TN:
SF:src\modules\plants\plants.controller.ts
FN:23,(anonymous_4)
FN:27,(anonymous_5)
FN:33,(anonymous_6)
FN:39,(anonymous_7)
FN:45,(anonymous_8)
FN:51,(anonymous_9)
FN:61,(anonymous_10)
FNF:7
FNH:0
FNDA:0,(anonymous_4)
FNDA:0,(anonymous_5)
FNDA:0,(anonymous_6)
FNDA:0,(anonymous_7)
FNDA:0,(anonymous_8)
FNDA:0,(anonymous_9)
FNDA:0,(anonymous_10)
DA:1,0
DA:12,0
DA:13,0
DA:14,0
DA:15,0
DA:16,0
DA:22,0
DA:23,0
DA:27,0
DA:28,0
DA:33,0
DA:34,0
DA:39,0
DA:40,0
DA:45,0
DA:46,0
DA:51,0
DA:56,0
DA:61,0
DA:62,0
DA:63,0
LF:21
LH:0
BRF:0
BRH:0
end_of_record
TN:
SF:src\modules\plants\plants.service.ts
FN:14,(anonymous_4)
FN:19,(anonymous_5)
FN:50,(anonymous_6)
FN:57,(anonymous_7)
FN:70,(anonymous_8)
FN:76,(anonymous_9)
FN:98,(anonymous_10)
FN:103,(anonymous_11)
FN:133,(anonymous_12)
FN:134,(anonymous_13)
FN:135,(anonymous_14)
FN:170,(anonymous_15)
FN:171,(anonymous_16)
FNF:13
FNH:5
FNDA:6,(anonymous_4)
FNDA:2,(anonymous_5)
FNDA:1,(anonymous_6)
FNDA:3,(anonymous_7)
FNDA:0,(anonymous_8)
FNDA:0,(anonymous_9)
FNDA:1,(anonymous_10)
FNDA:0,(anonymous_11)
FNDA:0,(anonymous_12)
FNDA:0,(anonymous_13)
FNDA:0,(anonymous_14)
FNDA:0,(anonymous_15)
FNDA:0,(anonymous_16)
DA:1,4
DA:6,4
DA:7,4
DA:10,4
DA:13,4
DA:16,6
DA:24,2
DA:26,2
DA:30,2
DA:31,1
DA:34,1
DA:47,1
DA:51,1
DA:58,3
DA:63,3
DA:64,1
DA:67,2
DA:71,0
DA:81,0
DA:84,0
DA:85,0
DA:89,0
DA:90,0
DA:94,0
DA:95,0
DA:99,1
DA:100,1
DA:104,0
DA:107,0
DA:108,0
DA:110,0
DA:118,0
DA:119,0
DA:130,0
DA:133,0
DA:134,0
DA:135,0
DA:137,0
DA:160,0
DA:171,0
DA:172,0
LF:41
LH:19
BRDA:30,0,0,1
BRDA:63,1,0,1
BRDA:84,2,0,0
BRDA:84,3,0,0
BRDA:84,3,1,0
BRDA:89,4,0,0
BRDA:118,5,0,0
BRDA:118,6,0,0
BRDA:118,6,1,0
BRF:9
BRH:2
end_of_record
TN:
SF:src\modules\plants\dto\create-plant.dto.ts
FNF:0
FNH:0
DA:1,0
DA:2,0
DA:4,0
DA:7,0
DA:11,0
DA:16,0
DA:19,0
DA:24,0
DA:28,0
DA:32,0
LF:10
LH:0
BRF:0
BRH:0
end_of_record
TN:
SF:src\modules\plants\dto\update-plant.dto.ts
FNF:0
FNH:0
DA:1,0
DA:2,0
DA:4,0
LF:3
LH:0
BRF:0
BRH:0
end_of_record
TN:
SF:src\modules\sensor-readings\sensor-readings.controller.ts
FN:19,(anonymous_4)
FN:25,(anonymous_5)
FN:33,(anonymous_6)
FN:49,(anonymous_7)
FN:60,(anonymous_8)
FNF:5
FNH:0
FNDA:0,(anonymous_4)
FNDA:0,(anonymous_5)
FNDA:0,(anonymous_6)
FNDA:0,(anonymous_7)
FNDA:0,(anonymous_8)
DA:1,0
DA:11,0
DA:12,0
DA:13,0
DA:14,0
DA:18,0
DA:19,0
DA:25,0
DA:26,0
DA:33,0
DA:38,0
DA:49,0
DA:50,0
DA:60,0
DA:65,0
LF:15
LH:0
BRF:0
BRH:0
end_of_record
TN:
SF:src\modules\sensor-readings\sensor-readings.service.ts
FN:10,(anonymous_4)
FN:16,(anonymous_5)
FN:41,(anonymous_6)
FN:56,(anonymous_7)
FN:74,(anonymous_8)
FN:100,(anonymous_9)
FN:121,(anonymous_10)
FNF:7
FNH:5
FNDA:5,(anonymous_4)
FNDA:2,(anonymous_5)
FNDA:0,(anonymous_6)
FNDA:0,(anonymous_7)
FNDA:1,(anonymous_8)
FNDA:1,(anonymous_9)
FNDA:2,(anonymous_10)
DA:1,2
DA:2,2
DA:3,2
DA:5,2
DA:6,2
DA:9,2
DA:12,5
DA:13,5
DA:20,2
DA:24,2
DA:25,1
DA:30,1
DA:38,1
DA:47,0
DA:49,0
DA:63,0
DA:65,0
DA:76,1
DA:78,1
DA:79,1
DA:81,1
DA:100,1
DA:126,2
DA:128,2
DA:133,2
DA:134,1
DA:137,1
LF:27
LH:23
BRDA:24,0,0,1
BRDA:44,1,0,0
BRDA:74,2,0,0
BRDA:133,3,0,1
BRF:4
BRH:2
end_of_record
TN:
SF:src\modules\sensor-readings\dto\create-sensor-reading.dto.ts
FNF:0
FNH:0
DA:1,0
DA:2,0
DA:4,0
DA:7,0
DA:11,0
DA:15,0
DA:19,0
DA:23,0
LF:8
LH:0
BRF:0
BRH:0
end_of_record
TN:
SF:src\modules\sensor-readings\dto\update-sensor-reading.dto.ts
FNF:0
FNH:0
DA:1,0
DA:2,0
DA:4,0
LF:3
LH:0
BRF:0
BRH:0
end_of_record
TN:
SF:src\modules\user-actions\user-actions.controller.ts
FN:20,(anonymous_4)
FN:24,(anonymous_5)
FN:38,(anonymous_6)
FN:47,(anonymous_7)
FN:61,(anonymous_8)
FNF:5
FNH:0
FNDA:0,(anonymous_4)
FNDA:0,(anonymous_5)
FNDA:0,(anonymous_6)
FNDA:0,(anonymous_7)
FNDA:0,(anonymous_8)
DA:1,0
DA:10,0
DA:11,0
DA:12,0
DA:13,0
DA:19,0
DA:20,0
DA:24,0
DA:29,0
DA:38,0
DA:39,0
DA:47,0
DA:52,0
DA:61,0
DA:66,0
LF:15
LH:0
BRF:0
BRH:0
end_of_record
TN:
SF:src\modules\user-actions\user-actions.service.ts
FN:10,(anonymous_4)
FN:16,(anonymous_5)
FN:34,(anonymous_6)
FN:52,(anonymous_7)
FN:65,(anonymous_8)
FNF:5
FNH:3
FNDA:2,(anonymous_4)
FNDA:1,(anonymous_5)
FNDA:1,(anonymous_6)
FNDA:0,(anonymous_7)
FNDA:0,(anonymous_8)
DA:1,2
DA:2,2
DA:3,2
DA:5,2
DA:6,2
DA:9,2
DA:12,2
DA:13,2
DA:22,1
DA:24,1
DA:31,1
DA:39,1
DA:40,1
DA:42,1
DA:57,0
DA:59,0
DA:71,0
DA:73,0
LF:18
LH:14
BRDA:37,0,0,0
BRF:1
BRH:0
end_of_record
TN:
SF:src\modules\user-actions\dto\create-user-action.dto.ts
FNF:0
FNH:0
DA:1,0
DA:2,0
DA:3,0
DA:5,0
DA:8,0
DA:13,0
DA:17,0
LF:7
LH:0
BRF:0
BRH:0
end_of_record
TN:
SF:src\modules\user-actions\dto\update-user-action.dto.ts
FNF:0
FNH:0
DA:1,0
DA:2,0
DA:4,0
LF:3
LH:0
BRF:0
BRH:0
end_of_record
TN:
SF:src\modules\user-actions\enum\user-actions.enum.ts
FN:2,(anonymous_0)
FNF:1
FNH:1
FNDA:2,(anonymous_0)
DA:2,2
DA:3,2
DA:4,2
DA:5,2
DA:6,2
DA:7,2
DA:8,2
DA:9,2
LF:8
LH:8
BRDA:2,0,0,2
BRDA:2,0,1,2
BRF:2
BRH:2
end_of_record
TN:
SF:src\modules\users\user.controller.ts
FN:16,(anonymous_4)
FN:19,(anonymous_5)
FN:24,(anonymous_6)
FN:29,(anonymous_7)
FN:34,(anonymous_8)
FN:39,(anonymous_9)
FNF:6
FNH:0
FNDA:0,(anonymous_4)
FNDA:0,(anonymous_5)
FNDA:0,(anonymous_6)
FNDA:0,(anonymous_7)
FNDA:0,(anonymous_8)
FNDA:0,(anonymous_9)
DA:1,0
DA:10,0
DA:11,0
DA:12,0
DA:15,0
DA:16,0
DA:19,0
DA:20,0
DA:24,0
DA:25,0
DA:29,0
DA:30,0
DA:34,0
DA:35,0
DA:39,0
DA:40,0
LF:16
LH:0
BRF:0
BRH:0
end_of_record
TN:
SF:src\modules\users\user.service.ts
FN:11,(anonymous_4)
FN:16,(anonymous_5)
FN:30,(anonymous_6)
FN:33,(anonymous_7)
FN:37,(anonymous_8)
FN:41,(anonymous_9)
FN:45,(anonymous_10)
FN:49,(anonymous_11)
FNF:8
FNH:0
FNDA:0,(anonymous_4)
FNDA:0,(anonymous_5)
FNDA:0,(anonymous_6)
FNDA:0,(anonymous_7)
FNDA:0,(anonymous_8)
FNDA:0,(anonymous_9)
FNDA:0,(anonymous_10)
FNDA:0,(anonymous_11)
DA:1,1
DA:4,1
DA:5,1
DA:6,1
DA:10,1
DA:13,0
DA:17,0
DA:18,0
DA:25,0
DA:26,0
DA:27,0
DA:31,0
DA:34,0
DA:38,0
DA:42,0
DA:46,0
DA:50,0
LF:17
LH:5
BRF:0
BRH:0
end_of_record
TN:
SF:src\modules\users\dto\create-user.dto.ts
FNF:0
FNH:0
DA:1,0
LF:1
LH:0
BRF:0
BRH:0
end_of_record
TN:
SF:src\modules\users\dto\update-user.dto.ts
FNF:0
FNH:0
DA:1,0
DA:2,0
DA:4,0
LF:3
LH:0
BRF:0
BRH:0
end_of_record
TN:
SF:src\utility\function.utils.ts
FN:1,isBoolean
FN:4,toBoolean
FNF:2
FNH:0
FNDA:0,isBoolean
FNDA:0,toBoolean
DA:1,0
DA:2,0
DA:4,0
DA:5,0
LF:4
LH:0
BRDA:5,0,0,0
BRDA:5,0,1,0
BRDA:7,1,0,0
BRDA:7,1,1,0
BRF:4
BRH:0
end_of_record
